10:05:30.977  1990 [main] INFO  ru.bis.client.BotStarter - Starting BotStarter using Java 17.0.2 on DESKTOP-1RF1BD1 with PID 7924 (C:\Users\My PC\IdeaProjects\prerevolutionary-tinder\client\target\classes started by My PC in C:\Users\My PC\IdeaProjects\prerevolutionary-tinder)
10:05:30.988  2001 [main] INFO  ru.bis.client.BotStarter - No active profile set, falling back to 1 default profile: "default"
10:05:33.560  4573 [main] INFO  c.g.x.bots.TelegramApiFactory - Initializing API without webhook support
10:05:33.563  4576 [main] INFO  c.g.x.bots.TelegramBotStarter - Starting auto config for telegram bots
10:05:33.564  4577 [main] INFO  c.g.x.bots.TelegramBotStarter - Registering polling bot: @SulForecasterBot
10:05:34.658  5671 [main] INFO  o.s.b.w.e.netty.NettyWebServer - Netty started on port 8888
10:05:34.693  5706 [main] INFO  ru.bis.client.BotStarter - Started BotStarter in 4.709 seconds (JVM running for 7.689)
10:06:27.048  58061 [@SulForecasterBot Telegram Executor] INFO  r.b.c.b.handler.HandlersDispatcher - MENU from user SuleymanVlg
10:06:27.052  58065 [@SulForecasterBot Telegram Executor] INFO  ru.bis.client.service.ImageService - Image creation started...
10:06:28.086  59099 [@SulForecasterBot Telegram Executor] INFO  ru.bis.client.service.ImageService - Image created. Location:C:\Users\My PC\IdeaProjects\prerevolutionary-tinder\client\target\classes\img2f871784-1c41-457f-844f-08a614c7f734.jpg
10:06:28.089  59102 [@SulForecasterBot Telegram Executor] INFO  ru.bis.client.bot.Bot - img2f871784-1c41-457f-844f-08a614c7f734.jpg
10:06:50.272  81285 [@SulForecasterBot Telegram Executor] INFO  r.b.c.b.handler.HandlersDispatcher - FAVORITES from user SuleymanVlg
10:06:50.628  81641 [@SulForecasterBot Telegram Executor] INFO  ru.bis.client.service.ImageService - Image creation started...
10:06:50.955  81968 [@SulForecasterBot Telegram Executor] INFO  ru.bis.client.service.ImageService - Image created. Location:C:\Users\My PC\IdeaProjects\prerevolutionary-tinder\client\target\classes\imgc080ddb6-3827-4f2a-a023-0eb29d69a2e0.jpg
10:06:50.955  81968 [@SulForecasterBot Telegram Executor] INFO  ru.bis.client.bot.Bot - imgc080ddb6-3827-4f2a-a023-0eb29d69a2e0.jpg
10:06:59.110  90123 [@SulForecasterBot Telegram Executor] INFO  r.b.c.b.handler.HandlersDispatcher - NEXT from user SuleymanVlg
10:06:59.117  90130 [@SulForecasterBot Telegram Executor] INFO  ru.bis.client.service.ImageService - Image creation started...
10:06:59.345  90358 [@SulForecasterBot Telegram Executor] INFO  ru.bis.client.service.ImageService - Image created. Location:C:\Users\My PC\IdeaProjects\prerevolutionary-tinder\client\target\classes\imgeea28ecd-403c-4c70-8530-561411edc170.jpg
10:06:59.346  90359 [@SulForecasterBot Telegram Executor] INFO  ru.bis.client.bot.Bot - imgeea28ecd-403c-4c70-8530-561411edc170.jpg
10:07:10.251  101264 [@SulForecasterBot Telegram Executor] INFO  r.b.c.b.handler.HandlersDispatcher - NEXT from user SuleymanVlg
10:07:10.259  101272 [@SulForecasterBot Telegram Executor] INFO  ru.bis.client.service.ImageService - Image creation started...
10:07:10.488  101501 [@SulForecasterBot Telegram Executor] INFO  ru.bis.client.service.ImageService - Image created. Location:C:\Users\My PC\IdeaProjects\prerevolutionary-tinder\client\target\classes\imgfebecfa1-05e2-4d69-b78b-995aa018b67d.jpg
10:07:10.489  101502 [@SulForecasterBot Telegram Executor] INFO  ru.bis.client.bot.Bot - imgfebecfa1-05e2-4d69-b78b-995aa018b67d.jpg
10:07:37.170  128183 [@SulForecasterBot Telegram Executor] INFO  r.b.c.b.handler.HandlersDispatcher - NEXT from user SuleymanVlg
10:07:37.174  128187 [@SulForecasterBot Telegram Executor] INFO  ru.bis.client.service.ImageService - Image creation started...
10:07:37.399  128412 [@SulForecasterBot Telegram Executor] INFO  ru.bis.client.service.ImageService - Image created. Location:C:\Users\My PC\IdeaProjects\prerevolutionary-tinder\client\target\classes\img3ae65bc0-d2e9-4489-aa07-c8149295c37f.jpg
10:07:37.399  128412 [@SulForecasterBot Telegram Executor] INFO  ru.bis.client.bot.Bot - img3ae65bc0-d2e9-4489-aa07-c8149295c37f.jpg
10:07:51.937  142950 [@SulForecasterBot Telegram Executor] INFO  r.b.c.b.handler.HandlersDispatcher - NEXT from user SuleymanVlg
10:07:51.948  142961 [@SulForecasterBot Telegram Executor] INFO  ru.bis.client.service.ImageService - Getting image from cache
10:07:51.949  142962 [@SulForecasterBot Telegram Executor] INFO  ru.bis.client.bot.Bot - imgc080ddb6-3827-4f2a-a023-0eb29d69a2e0.jpg
10:07:57.138  148151 [@SulForecasterBot Telegram Executor] INFO  r.b.c.b.handler.HandlersDispatcher - NEXT from user SuleymanVlg
10:07:57.147  148160 [@SulForecasterBot Telegram Executor] INFO  ru.bis.client.service.ImageService - Image creation started...
10:07:57.377  148390 [@SulForecasterBot Telegram Executor] INFO  ru.bis.client.service.ImageService - Image created. Location:C:\Users\My PC\IdeaProjects\prerevolutionary-tinder\client\target\classes\img6e8eb717-350c-4b89-8489-c235a3ca40ac.jpg
10:07:57.378  148391 [@SulForecasterBot Telegram Executor] INFO  ru.bis.client.bot.Bot - img6e8eb717-350c-4b89-8489-c235a3ca40ac.jpg
10:08:21.697  172710 [@SulForecasterBot Telegram Executor] INFO  r.b.c.b.handler.HandlersDispatcher - NEXT from user SuleymanVlg
10:08:21.706  172719 [@SulForecasterBot Telegram Executor] INFO  ru.bis.client.service.ImageService - Getting image from cache
10:08:21.707  172720 [@SulForecasterBot Telegram Executor] INFO  ru.bis.client.bot.Bot - img6e8eb717-350c-4b89-8489-c235a3ca40ac.jpg
10:08:24.619  175632 [@SulForecasterBot Telegram Executor] INFO  r.b.c.b.handler.HandlersDispatcher - MENU from user SuleymanVlg
10:08:24.620  175633 [@SulForecasterBot Telegram Executor] INFO  ru.bis.client.service.ImageService - Getting image from cache
10:08:24.620  175633 [@SulForecasterBot Telegram Executor] INFO  ru.bis.client.bot.Bot - img2f871784-1c41-457f-844f-08a614c7f734.jpg
10:08:26.557  177570 [@SulForecasterBot Telegram Executor] INFO  r.b.c.b.handler.HandlersDispatcher - CANDIDATES from user SuleymanVlg
10:08:26.593  177606 [@SulForecasterBot Telegram Executor] INFO  ru.bis.client.bot.Bot - Подходящихъ кандадатуръ нѢтъ
10:38:12.383  951  [main] INFO  ru.bis.client.BotStarter - Starting BotStarter using Java 17.0.2 on DESKTOP-1RF1BD1 with PID 7896 (C:\Users\My PC\IdeaProjects\prerevolutionary-tinder\client\target\classes started by My PC in C:\Users\My PC\IdeaProjects\prerevolutionary-tinder)
10:38:12.389  957  [main] INFO  ru.bis.client.BotStarter - No active profile set, falling back to 1 default profile: "default"
10:38:14.083  2651 [main] INFO  c.g.x.bots.TelegramApiFactory - Initializing API without webhook support
10:38:14.085  2653 [main] INFO  c.g.x.bots.TelegramBotStarter - Starting auto config for telegram bots
10:38:14.086  2654 [main] INFO  c.g.x.bots.TelegramBotStarter - Registering polling bot: @SulForecasterBot
10:38:14.894  3462 [main] INFO  o.s.b.w.e.netty.NettyWebServer - Netty started on port 8888
10:38:14.908  3476 [main] INFO  ru.bis.client.BotStarter - Started BotStarter in 3.057 seconds (JVM running for 4.301)
10:38:41.696  30264 [@SulForecasterBot Telegram Executor] INFO  r.b.c.b.handler.HandlersDispatcher - MENU from user SuleymanVlg
10:38:41.701  30269 [@SulForecasterBot Telegram Executor] INFO  ru.bis.client.service.ImageService - Image creation started...
10:38:42.315  30883 [@SulForecasterBot Telegram Executor] INFO  ru.bis.client.service.ImageService - Image created. Location:C:\Users\My PC\IdeaProjects\prerevolutionary-tinder\client\target\classes\img8fe23b74-d9c2-4b37-908c-f2e5c2f961d3.jpg
10:38:42.318  30886 [@SulForecasterBot Telegram Executor] INFO  ru.bis.client.bot.Bot - img8fe23b74-d9c2-4b37-908c-f2e5c2f961d3.jpg
10:38:57.057  45625 [@SulForecasterBot Telegram Executor] INFO  r.b.c.b.handler.HandlersDispatcher - FAVORITES from user SuleymanVlg
10:38:57.153  45721 [@SulForecasterBot Telegram Executor] INFO  ru.bis.client.bot.Bot - У Васъ нѢтъ любимцевъ
10:38:58.685  47253 [@SulForecasterBot Telegram Executor] INFO  r.b.c.b.handler.HandlersDispatcher - CANDIDATES from user SuleymanVlg
10:38:58.724  47292 [@SulForecasterBot Telegram Executor] INFO  ru.bis.client.service.ImageService - Image creation started...
10:38:58.942  47510 [@SulForecasterBot Telegram Executor] INFO  ru.bis.client.service.ImageService - Image created. Location:C:\Users\My PC\IdeaProjects\prerevolutionary-tinder\client\target\classes\img7ccb3850-d4ea-4f1d-adc1-5a3a04f11684.jpg
10:38:58.943  47511 [@SulForecasterBot Telegram Executor] INFO  ru.bis.client.bot.Bot - img7ccb3850-d4ea-4f1d-adc1-5a3a04f11684.jpg
10:39:02.747  51315 [@SulForecasterBot Telegram Executor] INFO  r.b.c.b.handler.HandlersDispatcher - PREV_CANDIDATE from user SuleymanVlg
10:39:02.757  51325 [@SulForecasterBot Telegram Executor] INFO  ru.bis.client.service.ImageService - Image creation started...
10:39:02.987  51555 [@SulForecasterBot Telegram Executor] INFO  ru.bis.client.service.ImageService - Image created. Location:C:\Users\My PC\IdeaProjects\prerevolutionary-tinder\client\target\classes\img1bfb99e4-5391-43fa-8069-9d42b6a53110.jpg
10:39:02.987  51555 [@SulForecasterBot Telegram Executor] INFO  ru.bis.client.bot.Bot - img1bfb99e4-5391-43fa-8069-9d42b6a53110.jpg
10:39:06.614  55182 [@SulForecasterBot Telegram Executor] INFO  r.b.c.b.handler.HandlersDispatcher - NEXT_CANDIDATE from user SuleymanVlg
10:39:06.744  55312 [@SulForecasterBot Telegram Executor] INFO  ru.bis.client.service.ImageService - Image creation started...
10:39:06.965  55533 [@SulForecasterBot Telegram Executor] INFO  ru.bis.client.service.ImageService - Image created. Location:C:\Users\My PC\IdeaProjects\prerevolutionary-tinder\client\target\classes\img80e3c518-6b57-4748-8ffa-eaab870fb201.jpg
10:39:06.965  55533 [@SulForecasterBot Telegram Executor] INFO  ru.bis.client.bot.Bot - img80e3c518-6b57-4748-8ffa-eaab870fb201.jpg
10:39:18.111  66679 [@SulForecasterBot Telegram Executor] INFO  r.b.c.b.handler.HandlersDispatcher - NEXT_CANDIDATE from user SuleymanVlg
10:39:18.151  66719 [@SulForecasterBot Telegram Executor] INFO  ru.bis.client.service.ImageService - Image creation started...
10:39:18.368  66936 [@SulForecasterBot Telegram Executor] INFO  ru.bis.client.service.ImageService - Image created. Location:C:\Users\My PC\IdeaProjects\prerevolutionary-tinder\client\target\classes\imgbd2495fd-dd3b-4890-b06d-12e578a7b4d7.jpg
10:39:18.369  66937 [@SulForecasterBot Telegram Executor] INFO  ru.bis.client.bot.Bot - imgbd2495fd-dd3b-4890-b06d-12e578a7b4d7.jpg
10:39:25.151  73719 [@SulForecasterBot Telegram Executor] INFO  r.b.c.b.handler.HandlersDispatcher - PREV_CANDIDATE from user SuleymanVlg
10:39:25.164  73732 [@SulForecasterBot Telegram Executor] INFO  ru.bis.client.service.ImageService - Image creation started...
10:39:25.376  73944 [@SulForecasterBot Telegram Executor] INFO  ru.bis.client.service.ImageService - Image created. Location:C:\Users\My PC\IdeaProjects\prerevolutionary-tinder\client\target\classes\img7158546a-2d3f-465a-b1b3-4f4977d79fd2.jpg
10:39:25.376  73944 [@SulForecasterBot Telegram Executor] INFO  ru.bis.client.bot.Bot - img7158546a-2d3f-465a-b1b3-4f4977d79fd2.jpg
10:39:29.900  78468 [@SulForecasterBot Telegram Executor] INFO  r.b.c.b.handler.HandlersDispatcher - NEXT_CANDIDATE from user SuleymanVlg
10:39:29.943  78511 [@SulForecasterBot Telegram Executor] INFO  ru.bis.client.service.ImageService - Image creation started...
10:39:30.186  78754 [@SulForecasterBot Telegram Executor] INFO  ru.bis.client.service.ImageService - Image created. Location:C:\Users\My PC\IdeaProjects\prerevolutionary-tinder\client\target\classes\img53c015e7-4093-451e-8da0-e07638491096.jpg
10:39:30.186  78754 [@SulForecasterBot Telegram Executor] INFO  ru.bis.client.bot.Bot - img53c015e7-4093-451e-8da0-e07638491096.jpg
10:39:34.557  83125 [@SulForecasterBot Telegram Executor] INFO  r.b.c.b.handler.HandlersDispatcher - NEXT_CANDIDATE from user SuleymanVlg
10:39:34.594  83162 [@SulForecasterBot Telegram Executor] INFO  ru.bis.client.service.ImageService - Image creation started...
10:39:34.858  83426 [@SulForecasterBot Telegram Executor] INFO  ru.bis.client.service.ImageService - Image created. Location:C:\Users\My PC\IdeaProjects\prerevolutionary-tinder\client\target\classes\img652347b7-8565-4ac3-9056-de976f8b900b.jpg
10:39:34.859  83427 [@SulForecasterBot Telegram Executor] INFO  ru.bis.client.bot.Bot - img652347b7-8565-4ac3-9056-de976f8b900b.jpg
10:39:58.030  106598 [@SulForecasterBot Telegram Executor] INFO  r.b.c.b.handler.HandlersDispatcher - MENU from user SuleymanVlg
10:39:58.033  106601 [@SulForecasterBot Telegram Executor] INFO  ru.bis.client.service.ImageService - Getting image from cache
10:39:58.033  106601 [@SulForecasterBot Telegram Executor] INFO  ru.bis.client.bot.Bot - img8fe23b74-d9c2-4b37-908c-f2e5c2f961d3.jpg
10:39:59.754  108322 [@SulForecasterBot Telegram Executor] INFO  r.b.c.b.handler.HandlersDispatcher - FAVORITES from user SuleymanVlg
10:39:59.765  108333 [@SulForecasterBot Telegram Executor] INFO  ru.bis.client.service.ImageService - Getting image from cache
10:39:59.769  108337 [@SulForecasterBot Telegram Executor] INFO  ru.bis.client.bot.Bot - img1bfb99e4-5391-43fa-8069-9d42b6a53110.jpg
10:40:07.644  116212 [@SulForecasterBot Telegram Executor] INFO  r.b.c.b.handler.HandlersDispatcher - NEXT from user SuleymanVlg
10:40:07.650  116218 [@SulForecasterBot Telegram Executor] INFO  ru.bis.client.service.ImageService - Getting image from cache
10:40:07.650  116218 [@SulForecasterBot Telegram Executor] INFO  ru.bis.client.bot.Bot - img80e3c518-6b57-4748-8ffa-eaab870fb201.jpg
10:40:13.301  121869 [@SulForecasterBot Telegram Executor] INFO  r.b.c.b.handler.HandlersDispatcher - NEXT from user SuleymanVlg
10:40:13.313  121881 [@SulForecasterBot Telegram Executor] INFO  ru.bis.client.service.ImageService - Getting image from cache
10:40:13.313  121881 [@SulForecasterBot Telegram Executor] INFO  ru.bis.client.bot.Bot - img7158546a-2d3f-465a-b1b3-4f4977d79fd2.jpg
10:40:35.171  143739 [@SulForecasterBot Telegram Executor] INFO  r.b.c.b.handler.HandlersDispatcher - NEXT from user SuleymanVlg
10:40:35.191  143759 [@SulForecasterBot Telegram Executor] INFO  ru.bis.client.service.ImageService - Getting image from cache
10:40:35.191  143759 [@SulForecasterBot Telegram Executor] INFO  ru.bis.client.bot.Bot - img53c015e7-4093-451e-8da0-e07638491096.jpg
10:40:41.169  149737 [@SulForecasterBot Telegram Executor] INFO  r.b.c.b.handler.HandlersDispatcher - NEXT from user SuleymanVlg
10:40:41.178  149746 [@SulForecasterBot Telegram Executor] INFO  ru.bis.client.service.ImageService - Getting image from cache
10:40:41.178  149746 [@SulForecasterBot Telegram Executor] INFO  ru.bis.client.bot.Bot - img1bfb99e4-5391-43fa-8069-9d42b6a53110.jpg
10:40:44.150  152718 [@SulForecasterBot Telegram Executor] INFO  r.b.c.b.handler.HandlersDispatcher - PREVIOUS from user SuleymanVlg
10:40:44.162  152730 [@SulForecasterBot Telegram Executor] INFO  ru.bis.client.service.ImageService - Getting image from cache
10:40:44.162  152730 [@SulForecasterBot Telegram Executor] INFO  ru.bis.client.bot.Bot - img53c015e7-4093-451e-8da0-e07638491096.jpg
10:41:30.257  198825 [@SulForecasterBot Telegram Executor] INFO  r.b.c.b.handler.HandlersDispatcher - MENU from user SuleymanVlg
10:41:30.259  198827 [@SulForecasterBot Telegram Executor] INFO  ru.bis.client.service.ImageService - Getting image from cache
10:41:30.259  198827 [@SulForecasterBot Telegram Executor] INFO  ru.bis.client.bot.Bot - img8fe23b74-d9c2-4b37-908c-f2e5c2f961d3.jpg
10:50:20.281  728849 [@SulForecasterBot Telegram Executor] INFO  r.b.c.b.handler.HandlersDispatcher - /start from user SuleymanVlg
10:50:20.297  728865 [@SulForecasterBot Telegram Executor] INFO  ru.bis.client.bot.Bot - Некорректный запрос!
10:50:29.224  737792 [@SulForecasterBot Telegram Executor] INFO  r.b.c.b.handler.HandlersDispatcher - f from user SuleymanVlg
10:50:29.231  737799 [@SulForecasterBot Telegram Executor] INFO  ru.bis.client.bot.Bot - Некорректный запрос!
10:57:16.309  1225 [main] INFO  ru.bis.client.BotStarter - Starting BotStarter using Java 17.0.2 on DESKTOP-1RF1BD1 with PID 10852 (C:\Users\My PC\IdeaProjects\prerevolutionary-tinder\client\target\classes started by My PC in C:\Users\My PC\IdeaProjects\prerevolutionary-tinder)
10:57:16.313  1229 [main] INFO  ru.bis.client.BotStarter - No active profile set, falling back to 1 default profile: "default"
10:57:18.120  3036 [main] INFO  c.g.x.bots.TelegramApiFactory - Initializing API without webhook support
10:57:18.122  3038 [main] INFO  c.g.x.bots.TelegramBotStarter - Starting auto config for telegram bots
10:57:18.123  3039 [main] INFO  c.g.x.bots.TelegramBotStarter - Registering polling bot: @SulForecasterBot
10:57:18.926  3842 [main] INFO  o.s.b.w.e.netty.NettyWebServer - Netty started on port 8888
10:57:18.940  3856 [main] INFO  ru.bis.client.BotStarter - Started BotStarter in 3.14 seconds (JVM running for 4.925)
10:57:24.153  9069 [@SulForecasterBot Telegram Executor] INFO  r.b.c.b.handler.HandlersDispatcher - /start from user SuleymanVlg
10:57:24.541  9457 [@SulForecasterBot Telegram Executor] INFO  ru.bis.client.service.ImageService - Image creation started...
10:57:25.116  10032 [@SulForecasterBot Telegram Executor] INFO  ru.bis.client.service.ImageService - Image created. Location:C:\Users\My PC\IdeaProjects\prerevolutionary-tinder\client\target\classes\img116143a9-aef3-4642-80ff-b5392704997a.jpg
10:57:25.120  10036 [@SulForecasterBot Telegram Executor] INFO  ru.bis.client.bot.Bot - img116143a9-aef3-4642-80ff-b5392704997a.jpg
10:57:29.798  14714 [@SulForecasterBot Telegram Executor] INFO  r.b.c.b.handler.HandlersDispatcher - FAVORITES from user SuleymanVlg
10:57:29.851  14767 [@SulForecasterBot Telegram Executor] INFO  ru.bis.client.service.ImageService - Image creation started...
10:57:30.077  14993 [@SulForecasterBot Telegram Executor] INFO  ru.bis.client.service.ImageService - Image created. Location:C:\Users\My PC\IdeaProjects\prerevolutionary-tinder\client\target\classes\img4ae2371b-0a40-455a-ae9e-cbd690f30ed4.jpg
10:57:30.078  14994 [@SulForecasterBot Telegram Executor] INFO  ru.bis.client.bot.Bot - img4ae2371b-0a40-455a-ae9e-cbd690f30ed4.jpg
10:57:35.649  20565 [@SulForecasterBot Telegram Executor] INFO  r.b.c.b.handler.HandlersDispatcher - NEXT from user SuleymanVlg
10:57:35.655  20571 [@SulForecasterBot Telegram Executor] INFO  ru.bis.client.service.ImageService - Image creation started...
10:57:35.866  20782 [@SulForecasterBot Telegram Executor] INFO  ru.bis.client.service.ImageService - Image created. Location:C:\Users\My PC\IdeaProjects\prerevolutionary-tinder\client\target\classes\img54de8498-4779-4547-9332-15152083b9ee.jpg
10:57:35.866  20782 [@SulForecasterBot Telegram Executor] INFO  ru.bis.client.bot.Bot - img54de8498-4779-4547-9332-15152083b9ee.jpg
10:57:41.709  26625 [@SulForecasterBot Telegram Executor] INFO  r.b.c.b.handler.HandlersDispatcher - NEXT from user SuleymanVlg
10:57:41.721  26637 [@SulForecasterBot Telegram Executor] INFO  ru.bis.client.service.ImageService - Image creation started...
10:57:41.940  26856 [@SulForecasterBot Telegram Executor] INFO  ru.bis.client.service.ImageService - Image created. Location:C:\Users\My PC\IdeaProjects\prerevolutionary-tinder\client\target\classes\img3f8806d9-f11f-4422-90d2-e2f3a9913099.jpg
10:57:41.940  26856 [@SulForecasterBot Telegram Executor] INFO  ru.bis.client.bot.Bot - img3f8806d9-f11f-4422-90d2-e2f3a9913099.jpg
10:57:44.560  29476 [@SulForecasterBot Telegram Executor] INFO  r.b.c.b.handler.HandlersDispatcher - MENU from user SuleymanVlg
10:57:44.562  29478 [@SulForecasterBot Telegram Executor] INFO  ru.bis.client.service.ImageService - Getting image from cache
10:57:44.562  29478 [@SulForecasterBot Telegram Executor] INFO  ru.bis.client.bot.Bot - img116143a9-aef3-4642-80ff-b5392704997a.jpg
10:57:48.901  33817 [@SulForecasterBot Telegram Executor] INFO  r.b.c.b.handler.HandlersDispatcher - CANDIDATES from user SuleymanVlg
10:57:48.923  33839 [@SulForecasterBot Telegram Executor] INFO  ru.bis.client.service.ImageService - Image creation started...
10:57:49.134  34050 [@SulForecasterBot Telegram Executor] INFO  ru.bis.client.service.ImageService - Image created. Location:C:\Users\My PC\IdeaProjects\prerevolutionary-tinder\client\target\classes\imgad186c07-7b81-4449-8bb2-eb9e6c91c171.jpg
10:57:49.135  34051 [@SulForecasterBot Telegram Executor] INFO  ru.bis.client.bot.Bot - imgad186c07-7b81-4449-8bb2-eb9e6c91c171.jpg
10:58:02.283  47199 [@SulForecasterBot Telegram Executor] INFO  r.b.c.b.handler.HandlersDispatcher - w from user SuleymanVlg
10:58:02.293  47209 [@SulForecasterBot Telegram Executor] INFO  ru.bis.client.service.ImageService - Getting image from cache
10:58:02.293  47209 [@SulForecasterBot Telegram Executor] INFO  ru.bis.client.bot.Bot - img116143a9-aef3-4642-80ff-b5392704997a.jpg
11:13:17.516  947  [main] INFO  ru.bis.client.BotStarter - Starting BotStarter using Java 17.0.2 on DESKTOP-1RF1BD1 with PID 13060 (C:\Users\My PC\IdeaProjects\prerevolutionary-tinder\client\target\classes started by My PC in C:\Users\My PC\IdeaProjects\prerevolutionary-tinder)
11:13:17.519  950  [main] INFO  ru.bis.client.BotStarter - No active profile set, falling back to 1 default profile: "default"
11:13:19.259  2690 [main] INFO  c.g.x.bots.TelegramApiFactory - Initializing API without webhook support
11:13:19.261  2692 [main] INFO  c.g.x.bots.TelegramBotStarter - Starting auto config for telegram bots
11:13:19.262  2693 [main] INFO  c.g.x.bots.TelegramBotStarter - Registering polling bot: @SulForecasterBot
11:13:20.040  3471 [main] INFO  o.s.b.w.e.netty.NettyWebServer - Netty started on port 8888
11:13:20.054  3485 [main] INFO  ru.bis.client.BotStarter - Started BotStarter in 3.051 seconds (JVM running for 4.244)
11:13:21.443  4874 [@SulForecasterBot Telegram Executor] INFO  r.b.c.b.handler.HandlersDispatcher - MENU from user SuleymanVlg
11:13:21.448  4879 [@SulForecasterBot Telegram Executor] INFO  ru.bis.client.service.ImageService - Image creation started...
11:13:22.015  5446 [@SulForecasterBot Telegram Executor] INFO  ru.bis.client.service.ImageService - Image created. Location:C:\Users\My PC\IdeaProjects\prerevolutionary-tinder\client\target\classes\img3be765e6-9f21-4bc2-bb76-9fa3c43f3529.jpg
11:13:22.018  5449 [@SulForecasterBot Telegram Executor] INFO  ru.bis.client.bot.Bot - img3be765e6-9f21-4bc2-bb76-9fa3c43f3529.jpg
11:13:26.836  10267 [@SulForecasterBot Telegram Executor] INFO  r.b.c.b.handler.HandlersDispatcher - CANDIDATES from user SuleymanVlg
11:13:26.884  10315 [@SulForecasterBot Telegram Executor] INFO  ru.bis.client.service.ImageService - Image creation started...
11:13:27.161  10592 [@SulForecasterBot Telegram Executor] INFO  ru.bis.client.service.ImageService - Image created. Location:C:\Users\My PC\IdeaProjects\prerevolutionary-tinder\client\target\classes\img6fa9eec8-5289-4cfe-98d1-303004304479.jpg
11:13:27.162  10593 [@SulForecasterBot Telegram Executor] INFO  ru.bis.client.bot.Bot - img6fa9eec8-5289-4cfe-98d1-303004304479.jpg
11:13:29.985  13416 [@SulForecasterBot Telegram Executor] INFO  r.b.c.b.handler.HandlersDispatcher - MENU from user SuleymanVlg
11:13:29.987  13418 [@SulForecasterBot Telegram Executor] INFO  ru.bis.client.service.ImageService - Getting image from cache
11:13:29.988  13419 [@SulForecasterBot Telegram Executor] INFO  ru.bis.client.bot.Bot - img3be765e6-9f21-4bc2-bb76-9fa3c43f3529.jpg
11:13:31.617  15048 [@SulForecasterBot Telegram Executor] INFO  r.b.c.b.handler.HandlersDispatcher - FAVORITES from user SuleymanVlg
11:13:31.647  15078 [@SulForecasterBot Telegram Executor] INFO  ru.bis.client.service.ImageService - Image creation started...
11:13:31.926  15357 [@SulForecasterBot Telegram Executor] INFO  ru.bis.client.service.ImageService - Image created. Location:C:\Users\My PC\IdeaProjects\prerevolutionary-tinder\client\target\classes\imgdc10d760-f7d0-445b-9dfc-51247b1435c6.jpg
11:13:31.927  15358 [@SulForecasterBot Telegram Executor] INFO  ru.bis.client.bot.Bot - imgdc10d760-f7d0-445b-9dfc-51247b1435c6.jpg
11:13:34.649  18080 [@SulForecasterBot Telegram Executor] INFO  r.b.c.b.handler.HandlersDispatcher - MENU from user SuleymanVlg
11:13:34.651  18082 [@SulForecasterBot Telegram Executor] INFO  ru.bis.client.service.ImageService - Getting image from cache
11:13:34.651  18082 [@SulForecasterBot Telegram Executor] INFO  ru.bis.client.bot.Bot - img3be765e6-9f21-4bc2-bb76-9fa3c43f3529.jpg
11:13:36.296  19727 [@SulForecasterBot Telegram Executor] INFO  r.b.c.b.handler.HandlersDispatcher - EDIT from user SuleymanVlg
11:13:36.297  19728 [@SulForecasterBot Telegram Executor] INFO  ru.bis.client.bot.Bot - Давайте изменимъ Ваши данные
11:13:36.390  19821 [@SulForecasterBot Telegram Executor] INFO  ru.bis.client.bot.Bot - Какъ Васъ величать!
11:13:54.021  37452 [@SulForecasterBot Telegram Executor] INFO  r.b.c.b.handler.HandlersDispatcher - Сулейман from user SuleymanVlg
11:13:54.023  37454 [@SulForecasterBot Telegram Executor] INFO  ru.bis.client.bot.Bot - Сулейман. Вы сударь или сударыня?
11:13:57.208  40639 [@SulForecasterBot Telegram Executor] INFO  r.b.c.b.handler.HandlersDispatcher - MAIL from user SuleymanVlg
11:13:57.209  40640 [@SulForecasterBot Telegram Executor] INFO  ru.bis.client.bot.Bot - Сударъ! Опишите себя
11:14:42.805  86236 [@SulForecasterBot Telegram Executor] INFO  r.b.c.b.handler.HandlersDispatcher - Джавист. Стажер Лиги. from user SuleymanVlg
11:14:42.806  86237 [@SulForecasterBot Telegram Executor] INFO  ru.bis.client.bot.Bot - Сударъ. Кого вы ищете?
11:14:45.392  88823 [@SulForecasterBot Telegram Executor] INFO  r.b.c.b.handler.HandlersDispatcher - ALL_SEARCH from user SuleymanVlg
11:14:45.393  88824 [@SulForecasterBot Telegram Executor] INFO  ru.bis.client.bot.Bot - Сударъ, изволите зарегистрироваться?
11:14:47.304  90735 [@SulForecasterBot Telegram Executor] INFO  r.b.c.b.handler.HandlersDispatcher - SUBSCRIBE from user SuleymanVlg
11:14:47.445  90876 [@SulForecasterBot Telegram Executor] INFO  ru.bis.client.service.ImageService - Image creation started...
11:14:47.672  91103 [@SulForecasterBot Telegram Executor] INFO  ru.bis.client.service.ImageService - Image created. Location:C:\Users\My PC\IdeaProjects\prerevolutionary-tinder\client\target\classes\imga8114123-7096-4cf5-8ed2-5fe55f4da3f2.jpg
11:14:47.673  91104 [@SulForecasterBot Telegram Executor] INFO  ru.bis.client.bot.Bot - imga8114123-7096-4cf5-8ed2-5fe55f4da3f2.jpg
11:24:59.639  1034 [main] INFO  ru.bis.client.BotStarter - Starting BotStarter using Java 17.0.2 on DESKTOP-1RF1BD1 with PID 12560 (C:\Users\My PC\IdeaProjects\prerevolutionary-tinder\client\target\classes started by My PC in C:\Users\My PC\IdeaProjects\prerevolutionary-tinder)
11:24:59.650  1045 [main] INFO  ru.bis.client.BotStarter - No active profile set, falling back to 1 default profile: "default"
11:25:01.434  2829 [main] INFO  c.g.x.bots.TelegramApiFactory - Initializing API without webhook support
11:25:01.437  2832 [main] INFO  c.g.x.bots.TelegramBotStarter - Starting auto config for telegram bots
11:25:01.438  2833 [main] INFO  c.g.x.bots.TelegramBotStarter - Registering polling bot: @SulForecasterBot
11:25:02.208  3603 [main] INFO  o.s.b.w.e.netty.NettyWebServer - Netty started on port 8888
11:25:02.223  3618 [main] INFO  ru.bis.client.BotStarter - Started BotStarter in 3.125 seconds (JVM running for 4.89)
