10:05:47.234  1239 [main] INFO  ru.bis.server.Main - Starting Main using Java 17.0.2 on DESKTOP-1RF1BD1 with PID 1640 (C:\Users\My PC\IdeaProjects\prerevolutionary-tinder\server\target\classes started by My PC in C:\Users\My PC\IdeaProjects\prerevolutionary-tinder)
10:05:47.241  1246 [main] INFO  ru.bis.server.Main - No active profile set, falling back to 1 default profile: "default"
10:05:48.520  2525 [main] INFO  o.s.d.r.c.RepositoryConfigurationDelegate - Bootstrapping Spring Data JPA repositories in DEFAULT mode.
10:05:48.687  2692 [main] INFO  o.s.d.r.c.RepositoryConfigurationDelegate - Finished Spring Data repository scanning in 123 ms. Found 1 JPA repository interfaces.
10:05:49.781  3786 [main] INFO  o.s.b.w.e.tomcat.TomcatWebServer - Tomcat initialized with port(s): 8080 (http)
10:05:49.827  3832 [main] INFO  o.a.coyote.http11.Http11NioProtocol - Initializing ProtocolHandler ["http-nio-8080"]
10:05:49.828  3833 [main] INFO  o.a.catalina.core.StandardService - Starting service [Tomcat]
10:05:49.828  3833 [main] INFO  o.a.catalina.core.StandardEngine - Starting Servlet engine: [Apache Tomcat/9.0.58]
10:05:50.038  4043 [main] INFO  o.a.c.c.C.[Tomcat].[localhost].[/] - Initializing Spring embedded WebApplicationContext
10:05:50.039  4044 [main] INFO  o.s.b.w.s.c.ServletWebServerApplicationContext - Root WebApplicationContext: initialization completed in 2704 ms
10:05:50.330  4335 [main] INFO  o.f.c.i.license.VersionPrinter - Flyway Community Edition 7.7.3 by Redgate
10:05:50.339  4344 [main] INFO  com.zaxxer.hikari.HikariDataSource - HikariPool-1 - Starting...
10:05:50.868  4873 [main] INFO  com.zaxxer.hikari.HikariDataSource - HikariPool-1 - Start completed.
10:05:51.040  5045 [main] INFO  o.f.c.i.database.base.DatabaseType - Database: jdbc:postgresql://localhost/tinder_db (PostgreSQL 13.6)
10:05:51.678  5683 [main] INFO  o.f.c.internal.command.DbValidate - Successfully validated 4 migrations (execution time 00:00.286s)
10:05:51.703  5708 [main] INFO  o.f.core.internal.command.DbMigrate - Current version of schema "public": 4
10:05:51.707  5712 [main] INFO  o.f.core.internal.command.DbMigrate - Schema "public" is up to date. No migration necessary.
10:05:52.015  6020 [main] INFO  o.h.jpa.internal.util.LogHelper - HHH000204: Processing PersistenceUnitInfo [name: default]
10:05:52.106  6111 [main] INFO  org.hibernate.Version - HHH000412: Hibernate ORM core version 5.4.33
10:05:52.357  6362 [main] INFO  o.h.annotations.common.Version - HCANN000001: Hibernate Commons Annotations {5.1.2.Final}
10:05:52.756  6761 [main] INFO  org.hibernate.dialect.Dialect - HHH000400: Using dialect: org.hibernate.dialect.PostgreSQL10Dialect
10:05:54.520  8525 [main] INFO  o.h.e.t.j.p.i.JtaPlatformInitiator - HHH000490: Using JtaPlatform implementation: [org.hibernate.engine.transaction.jta.platform.internal.NoJtaPlatform]
10:05:54.542  8547 [main] INFO  o.s.o.j.LocalContainerEntityManagerFactoryBean - Initialized JPA EntityManagerFactory for persistence unit 'default'
10:05:55.230  9235 [main] WARN  o.s.b.a.o.j.JpaBaseConfiguration$JpaWebConfiguration - spring.jpa.open-in-view is enabled by default. Therefore, database queries may be performed during view rendering. Explicitly configure spring.jpa.open-in-view to disable this warning
10:05:55.699  9704 [main] INFO  o.a.coyote.http11.Http11NioProtocol - Starting ProtocolHandler ["http-nio-8080"]
10:05:55.738  9743 [main] INFO  o.s.b.w.e.tomcat.TomcatWebServer - Tomcat started on port(s): 8080 (http) with context path ''
10:05:55.752  9757 [main] INFO  ru.bis.server.Main - Started Main in 9.244 seconds (JVM running for 10.602)
10:06:26.466  40471 [http-nio-8080-exec-1] INFO  o.a.c.c.C.[Tomcat].[localhost].[/] - Initializing Spring DispatcherServlet 'dispatcherServlet'
10:06:26.466  40471 [http-nio-8080-exec-1] INFO  o.s.web.servlet.DispatcherServlet - Initializing Servlet 'dispatcherServlet'
10:06:26.468  40473 [http-nio-8080-exec-1] INFO  o.s.web.servlet.DispatcherServlet - Completed initialization in 1 ms
10:06:26.532  40537 [http-nio-8080-exec-1] INFO  ru.bis.server.aop.LoggingAspect - Enter: ru.bis.server.controller.UserController.getUserByTelegramId() with argument[s] = [736511947]
10:06:26.827  40832 [http-nio-8080-exec-1] INFO  ru.bis.server.aop.LoggingAspect - Exit: ru.bis.server.controller.UserController.getUserByTelegramId() with result = <200 OK OK,User(userId=18, telegramId=736511947, name=Suleyman, description=Стажер Лиги ЦТ, sex=MAIL, searchPreferences=ALL),[]>
10:06:50.265  64270 [http-nio-8080-exec-2] INFO  ru.bis.server.aop.LoggingAspect - Enter: ru.bis.server.controller.UserController.getUserByTelegramId() with argument[s] = [736511947]
10:06:50.268  64273 [http-nio-8080-exec-2] INFO  ru.bis.server.aop.LoggingAspect - Exit: ru.bis.server.controller.UserController.getUserByTelegramId() with result = <200 OK OK,User(userId=18, telegramId=736511947, name=Suleyman, description=Стажер Лиги ЦТ, sex=MAIL, searchPreferences=ALL),[]>
10:06:50.279  64284 [http-nio-8080-exec-3] INFO  ru.bis.server.aop.LoggingAspect - Enter: ru.bis.server.controller.UserController.getUserFavorites() with argument[s] = [736511947]
10:06:50.281  64286 [http-nio-8080-exec-3] INFO  ru.bis.server.aop.LoggingAspect - Exit: ru.bis.server.controller.UserController.getUserFavorites() with result = <200 OK OK,[User(userId=3, telegramId=3, name=Марфа, description=Красивая с русалочьими глазами, вся сотканная из нервов и оригинальности, зовет на праздник жизни интеллигентного, очень богатого господина, способного на сильное яркое чувство; цель — брак, sex=FEMALE, searchPreferences=MAIL), User(userId=4, telegramId=4, name=Екатерина, description=Только что кончившая гимназию девица желает выйти замуж за холостого или бездетного вдовца с состоянием. Возраста не стесняться, sex=FEMALE, searchPreferences=MAIL), User(userId=5, telegramId=5, name=Иннокентий, description=Вдовец 42 лет желает жениться на девушке „без прошлого“, образованной, знающей музыку и обладающей приятным голосом. Теща нежелательна, sex=MAIL, searchPreferences=ALL), User(userId=7, telegramId=7, name=Иосиф С., description=Всех расстрелять. Оставить только Берию, sex=MAIL, searchPreferences=ALL), User(userId=8, telegramId=8, name=Надежда, description=Красивая с русалочьими глазами, вся сотканная из нервов и оригинальности, зовет на праздник жизни интеллигентного, очень богатого господина, способного на сильное яркое чувство; цель — брак, sex=FEMALE, searchPreferences=MAIL), User(userId=9, telegramId=9, name=Серафима, description=Красавица, 24 лет, интеллигентная, брюнетка, очень шикарная, прогремевшая в Москве и Париже по красоте и нарядам, ищет знакомств, цель — замужество, с миллионером пожилых лет, sex=FEMALE, searchPreferences=ALL), User(userId=10, telegramId=10, name=Анна, description=Красавица, 24 лет, интеллигентная, брюнетка, очень шикарная, прогремевшая в Москве и Париже по красоте и нарядам, ищет знакомств, цель — замужество, с миллионером пожилых лет, sex=FEMALE, searchPreferences=ALL), User(userId=15, telegramId=11, name=Марфа, description=Ищу приличного сцаря, sex=FEMALE, searchPreferences=MAIL), User(userId=17, telegramId=15, name=Герасим, description=Ищу собачку, которая не тонет, sex=MAIL, searchPreferences=ALL)],[]>
10:06:50.529  64534 [http-nio-8080-exec-4] INFO  ru.bis.server.aop.LoggingAspect - Enter: ru.bis.server.controller.UserController.getUserFans() with argument[s] = [736511947]
10:06:50.607  64612 [http-nio-8080-exec-4] INFO  ru.bis.server.aop.LoggingAspect - Exit: ru.bis.server.controller.UserController.getUserFans() with result = <200 OK OK,[],[]>
10:06:59.104  73109 [http-nio-8080-exec-5] INFO  ru.bis.server.aop.LoggingAspect - Enter: ru.bis.server.controller.UserController.getUserByTelegramId() with argument[s] = [736511947]
10:06:59.107  73112 [http-nio-8080-exec-5] INFO  ru.bis.server.aop.LoggingAspect - Exit: ru.bis.server.controller.UserController.getUserByTelegramId() with result = <200 OK OK,User(userId=18, telegramId=736511947, name=Suleyman, description=Стажер Лиги ЦТ, sex=MAIL, searchPreferences=ALL),[]>
10:07:10.247  84252 [http-nio-8080-exec-6] INFO  ru.bis.server.aop.LoggingAspect - Enter: ru.bis.server.controller.UserController.getUserByTelegramId() with argument[s] = [736511947]
10:07:10.249  84254 [http-nio-8080-exec-6] INFO  ru.bis.server.aop.LoggingAspect - Exit: ru.bis.server.controller.UserController.getUserByTelegramId() with result = <200 OK OK,User(userId=18, telegramId=736511947, name=Suleyman, description=Стажер Лиги ЦТ, sex=MAIL, searchPreferences=ALL),[]>
10:07:37.164  111169 [http-nio-8080-exec-7] INFO  ru.bis.server.aop.LoggingAspect - Enter: ru.bis.server.controller.UserController.getUserByTelegramId() with argument[s] = [736511947]
10:07:37.167  111172 [http-nio-8080-exec-7] INFO  ru.bis.server.aop.LoggingAspect - Exit: ru.bis.server.controller.UserController.getUserByTelegramId() with result = <200 OK OK,User(userId=18, telegramId=736511947, name=Suleyman, description=Стажер Лиги ЦТ, sex=MAIL, searchPreferences=ALL),[]>
10:07:51.931  125936 [http-nio-8080-exec-8] INFO  ru.bis.server.aop.LoggingAspect - Enter: ru.bis.server.controller.UserController.getUserByTelegramId() with argument[s] = [736511947]
10:07:51.933  125938 [http-nio-8080-exec-8] INFO  ru.bis.server.aop.LoggingAspect - Exit: ru.bis.server.controller.UserController.getUserByTelegramId() with result = <200 OK OK,User(userId=18, telegramId=736511947, name=Suleyman, description=Стажер Лиги ЦТ, sex=MAIL, searchPreferences=ALL),[]>
10:07:57.130  131135 [http-nio-8080-exec-9] INFO  ru.bis.server.aop.LoggingAspect - Enter: ru.bis.server.controller.UserController.getUserByTelegramId() with argument[s] = [736511947]
10:07:57.132  131137 [http-nio-8080-exec-9] INFO  ru.bis.server.aop.LoggingAspect - Exit: ru.bis.server.controller.UserController.getUserByTelegramId() with result = <200 OK OK,User(userId=18, telegramId=736511947, name=Suleyman, description=Стажер Лиги ЦТ, sex=MAIL, searchPreferences=ALL),[]>
10:08:21.692  155697 [http-nio-8080-exec-10] INFO  ru.bis.server.aop.LoggingAspect - Enter: ru.bis.server.controller.UserController.getUserByTelegramId() with argument[s] = [736511947]
10:08:21.694  155699 [http-nio-8080-exec-10] INFO  ru.bis.server.aop.LoggingAspect - Exit: ru.bis.server.controller.UserController.getUserByTelegramId() with result = <200 OK OK,User(userId=18, telegramId=736511947, name=Suleyman, description=Стажер Лиги ЦТ, sex=MAIL, searchPreferences=ALL),[]>
10:08:24.614  158619 [http-nio-8080-exec-1] INFO  ru.bis.server.aop.LoggingAspect - Enter: ru.bis.server.controller.UserController.getUserByTelegramId() with argument[s] = [736511947]
10:08:24.616  158621 [http-nio-8080-exec-1] INFO  ru.bis.server.aop.LoggingAspect - Exit: ru.bis.server.controller.UserController.getUserByTelegramId() with result = <200 OK OK,User(userId=18, telegramId=736511947, name=Suleyman, description=Стажер Лиги ЦТ, sex=MAIL, searchPreferences=ALL),[]>
10:08:26.551  160556 [http-nio-8080-exec-2] INFO  ru.bis.server.aop.LoggingAspect - Enter: ru.bis.server.controller.UserController.getUserByTelegramId() with argument[s] = [736511947]
10:08:26.553  160558 [http-nio-8080-exec-2] INFO  ru.bis.server.aop.LoggingAspect - Exit: ru.bis.server.controller.UserController.getUserByTelegramId() with result = <200 OK OK,User(userId=18, telegramId=736511947, name=Suleyman, description=Стажер Лиги ЦТ, sex=MAIL, searchPreferences=ALL),[]>
10:08:26.565  160570 [http-nio-8080-exec-3] INFO  ru.bis.server.aop.LoggingAspect - Enter: ru.bis.server.controller.UserController.getCandidates() with argument[s] = [736511947]
10:08:26.589  160594 [http-nio-8080-exec-3] INFO  ru.bis.server.aop.LoggingAspect - Exit: ru.bis.server.controller.UserController.getCandidates() with result = <200 OK OK,[],[]>
10:19:39.366  833371 [SpringApplicationShutdownHook] INFO  o.s.o.j.LocalContainerEntityManagerFactoryBean - Closing JPA EntityManagerFactory for persistence unit 'default'
10:19:39.369  833374 [SpringApplicationShutdownHook] INFO  com.zaxxer.hikari.HikariDataSource - HikariPool-1 - Shutdown initiated...
10:19:39.376  833381 [SpringApplicationShutdownHook] INFO  com.zaxxer.hikari.HikariDataSource - HikariPool-1 - Shutdown completed.
10:36:18.782  1232 [main] INFO  ru.bis.server.Main - Starting Main using Java 17.0.2 on DESKTOP-1RF1BD1 with PID 6180 (C:\Users\My PC\IdeaProjects\prerevolutionary-tinder\server\target\classes started by My PC in C:\Users\My PC\IdeaProjects\prerevolutionary-tinder)
10:36:18.793  1243 [main] INFO  ru.bis.server.Main - No active profile set, falling back to 1 default profile: "default"
10:36:19.636  2086 [main] INFO  o.s.d.r.c.RepositoryConfigurationDelegate - Bootstrapping Spring Data JPA repositories in DEFAULT mode.
10:36:19.710  2160 [main] INFO  o.s.d.r.c.RepositoryConfigurationDelegate - Finished Spring Data repository scanning in 63 ms. Found 1 JPA repository interfaces.
10:36:20.454  2904 [main] INFO  o.s.b.w.e.tomcat.TomcatWebServer - Tomcat initialized with port(s): 8080 (http)
10:36:20.465  2915 [main] INFO  o.a.coyote.http11.Http11NioProtocol - Initializing ProtocolHandler ["http-nio-8080"]
10:36:20.466  2916 [main] INFO  o.a.catalina.core.StandardService - Starting service [Tomcat]
10:36:20.466  2916 [main] INFO  o.a.catalina.core.StandardEngine - Starting Servlet engine: [Apache Tomcat/9.0.58]
10:36:20.645  3095 [main] INFO  o.a.c.c.C.[Tomcat].[localhost].[/] - Initializing Spring embedded WebApplicationContext
10:36:20.646  3096 [main] INFO  o.s.b.w.s.c.ServletWebServerApplicationContext - Root WebApplicationContext: initialization completed in 1784 ms
10:36:20.816  3266 [main] INFO  o.f.c.i.license.VersionPrinter - Flyway Community Edition 7.7.3 by Redgate
10:36:20.824  3274 [main] INFO  com.zaxxer.hikari.HikariDataSource - HikariPool-1 - Starting...
10:36:21.071  3521 [main] INFO  com.zaxxer.hikari.HikariDataSource - HikariPool-1 - Start completed.
10:36:21.101  3551 [main] INFO  o.f.c.i.database.base.DatabaseType - Database: jdbc:postgresql://localhost/tinder_db (PostgreSQL 13.6)
10:36:21.156  3606 [main] INFO  o.f.c.internal.command.DbValidate - Successfully validated 5 migrations (execution time 00:00.033s)
10:36:21.164  3614 [main] INFO  o.f.core.internal.command.DbMigrate - Current version of schema "public": 4
10:36:21.202  3652 [main] INFO  o.f.core.internal.command.DbMigrate - Migrating schema "public" to version "5 - Update Users"
10:36:21.291  3741 [main] INFO  o.f.c.i.s.DefaultSqlScriptExecutor - 0 rows affected
10:36:21.302  3752 [main] INFO  o.f.c.i.s.DefaultSqlScriptExecutor - 11 rows affected
10:36:21.381  3831 [main] ERROR o.f.core.internal.command.DbMigrate - Migration of schema "public" to version "5 - Update Users" failed! Changes successfully rolled back.
10:36:21.388  3838 [main] WARN  o.s.b.w.s.c.AnnotationConfigServletWebServerApplicationContext - Exception encountered during context initialization - cancelling refresh attempt: org.springframework.beans.factory.BeanCreationException: Error creating bean with name 'flywayInitializer' defined in class path resource [org/springframework/boot/autoconfigure/flyway/FlywayAutoConfiguration$FlywayConfiguration.class]: Invocation of init method failed; nested exception is org.flywaydb.core.internal.command.DbMigrate$FlywayMigrateException: 
Migration V5__Update_Users.sql failed
-------------------------------------
SQL State  : 23505
Error Code : 0
Message    : ОШИБКА: повторяющееся значение ключа нарушает ограничение уникальности "usr_pkey"
  Подробности: Ключ "(user_id)=(11)" уже существует.
Location   : db/migration/V5__Update_Users.sql (C:\Users\My PC\IdeaProjects\prerevolutionary-tinder\server\target\classes\db\migration\V5__Update_Users.sql)
Line       : 6
Statement  : INSERT INTO tinder.usr(user_id, name, description, sex, search_preferences, telegram_id)
values(11, 'Сулейман', 'Стажер Лиги Цмфровых Технологий', 0, 2, 736511947)

10:36:21.389  3839 [main] INFO  com.zaxxer.hikari.HikariDataSource - HikariPool-1 - Shutdown initiated...
10:36:21.474  3924 [main] INFO  com.zaxxer.hikari.HikariDataSource - HikariPool-1 - Shutdown completed.
10:36:21.477  3927 [main] INFO  o.a.catalina.core.StandardService - Stopping service [Tomcat]
10:36:21.493  3943 [main] INFO  o.s.b.a.l.ConditionEvaluationReportLoggingListener - 

Error starting ApplicationContext. To display the conditions report re-run your application with 'debug' enabled.
10:36:21.556  4006 [main] ERROR o.s.boot.SpringApplication - Application run failed
org.springframework.beans.factory.BeanCreationException: Error creating bean with name 'flywayInitializer' defined in class path resource [org/springframework/boot/autoconfigure/flyway/FlywayAutoConfiguration$FlywayConfiguration.class]: Invocation of init method failed; nested exception is org.flywaydb.core.internal.command.DbMigrate$FlywayMigrateException: 
Migration V5__Update_Users.sql failed
-------------------------------------
SQL State  : 23505
Error Code : 0
Message    : ОШИБКА: повторяющееся значение ключа нарушает ограничение уникальности "usr_pkey"
  Подробности: Ключ "(user_id)=(11)" уже существует.
Location   : db/migration/V5__Update_Users.sql (C:\Users\My PC\IdeaProjects\prerevolutionary-tinder\server\target\classes\db\migration\V5__Update_Users.sql)
Line       : 6
Statement  : INSERT INTO tinder.usr(user_id, name, description, sex, search_preferences, telegram_id)
values(11, 'Сулейман', 'Стажер Лиги Цмфровых Технологий', 0, 2, 736511947)

	at org.springframework.beans.factory.support.AbstractAutowireCapableBeanFactory.initializeBean(AbstractAutowireCapableBeanFactory.java:1804)
	at org.springframework.beans.factory.support.AbstractAutowireCapableBeanFactory.doCreateBean(AbstractAutowireCapableBeanFactory.java:620)
	at org.springframework.beans.factory.support.AbstractAutowireCapableBeanFactory.createBean(AbstractAutowireCapableBeanFactory.java:542)
	at org.springframework.beans.factory.support.AbstractBeanFactory.lambda$doGetBean$0(AbstractBeanFactory.java:335)
	at org.springframework.beans.factory.support.DefaultSingletonBeanRegistry.getSingleton(DefaultSingletonBeanRegistry.java:234)
	at org.springframework.beans.factory.support.AbstractBeanFactory.doGetBean(AbstractBeanFactory.java:333)
	at org.springframework.beans.factory.support.AbstractBeanFactory.getBean(AbstractBeanFactory.java:208)
	at org.springframework.beans.factory.support.AbstractBeanFactory.doGetBean(AbstractBeanFactory.java:322)
	at org.springframework.beans.factory.support.AbstractBeanFactory.getBean(AbstractBeanFactory.java:208)
	at org.springframework.context.support.AbstractApplicationContext.getBean(AbstractApplicationContext.java:1154)
	at org.springframework.context.support.AbstractApplicationContext.finishBeanFactoryInitialization(AbstractApplicationContext.java:908)
	at org.springframework.context.support.AbstractApplicationContext.refresh(AbstractApplicationContext.java:583)
	at org.springframework.boot.web.servlet.context.ServletWebServerApplicationContext.refresh(ServletWebServerApplicationContext.java:145)
	at org.springframework.boot.SpringApplication.refresh(SpringApplication.java:775)
	at org.springframework.boot.SpringApplication.refreshContext(SpringApplication.java:448)
	at org.springframework.boot.SpringApplication.run(SpringApplication.java:339)
	at org.springframework.boot.SpringApplication.run(SpringApplication.java:1365)
	at org.springframework.boot.SpringApplication.run(SpringApplication.java:1354)
	at ru.bis.server.Main.main(Main.java:9)
Caused by: org.flywaydb.core.internal.command.DbMigrate$FlywayMigrateException: 
Migration V5__Update_Users.sql failed
-------------------------------------
SQL State  : 23505
Error Code : 0
Message    : ОШИБКА: повторяющееся значение ключа нарушает ограничение уникальности "usr_pkey"
  Подробности: Ключ "(user_id)=(11)" уже существует.
Location   : db/migration/V5__Update_Users.sql (C:\Users\My PC\IdeaProjects\prerevolutionary-tinder\server\target\classes\db\migration\V5__Update_Users.sql)
Line       : 6
Statement  : INSERT INTO tinder.usr(user_id, name, description, sex, search_preferences, telegram_id)
values(11, 'Сулейман', 'Стажер Лиги Цмфровых Технологий', 0, 2, 736511947)

	at org.flywaydb.core.internal.command.DbMigrate.doMigrateGroup(DbMigrate.java:427)
	at org.flywaydb.core.internal.command.DbMigrate.access$200(DbMigrate.java:56)
	at org.flywaydb.core.internal.command.DbMigrate$3.call(DbMigrate.java:331)
	at org.flywaydb.core.internal.jdbc.TransactionalExecutionTemplate.execute(TransactionalExecutionTemplate.java:66)
	at org.flywaydb.core.internal.command.DbMigrate.applyMigrations(DbMigrate.java:328)
	at org.flywaydb.core.internal.command.DbMigrate.migrateGroup(DbMigrate.java:291)
	at org.flywaydb.core.internal.command.DbMigrate.access$100(DbMigrate.java:56)
	at org.flywaydb.core.internal.command.DbMigrate$2.call(DbMigrate.java:195)
	at org.flywaydb.core.internal.command.DbMigrate$2.call(DbMigrate.java:192)
	at org.flywaydb.core.internal.database.postgresql.PostgreSQLAdvisoryLockTemplate.execute(PostgreSQLAdvisoryLockTemplate.java:69)
	at org.flywaydb.core.internal.database.postgresql.PostgreSQLConnection.lock(PostgreSQLConnection.java:99)
	at org.flywaydb.core.internal.schemahistory.JdbcTableSchemaHistory.lock(JdbcTableSchemaHistory.java:141)
	at org.flywaydb.core.internal.command.DbMigrate.migrateAll(DbMigrate.java:192)
	at org.flywaydb.core.internal.command.DbMigrate.migrate(DbMigrate.java:152)
	at org.flywaydb.core.Flyway$1.execute(Flyway.java:216)
	at org.flywaydb.core.Flyway$1.execute(Flyway.java:165)
	at org.flywaydb.core.Flyway.execute(Flyway.java:572)
	at org.flywaydb.core.Flyway.migrate(Flyway.java:165)
	at org.springframework.boot.autoconfigure.flyway.FlywayMigrationInitializer.afterPropertiesSet(FlywayMigrationInitializer.java:66)
	at org.springframework.beans.factory.support.AbstractAutowireCapableBeanFactory.invokeInitMethods(AbstractAutowireCapableBeanFactory.java:1863)
	at org.springframework.beans.factory.support.AbstractAutowireCapableBeanFactory.initializeBean(AbstractAutowireCapableBeanFactory.java:1800)
	... 18 common frames omitted
Caused by: org.flywaydb.core.internal.sqlscript.FlywaySqlScriptException: 
Migration V5__Update_Users.sql failed
-------------------------------------
SQL State  : 23505
Error Code : 0
Message    : ОШИБКА: повторяющееся значение ключа нарушает ограничение уникальности "usr_pkey"
  Подробности: Ключ "(user_id)=(11)" уже существует.
Location   : db/migration/V5__Update_Users.sql (C:\Users\My PC\IdeaProjects\prerevolutionary-tinder\server\target\classes\db\migration\V5__Update_Users.sql)
Line       : 6
Statement  : INSERT INTO tinder.usr(user_id, name, description, sex, search_preferences, telegram_id)
values(11, 'Сулейман', 'Стажер Лиги Цмфровых Технологий', 0, 2, 736511947)

	at org.flywaydb.core.internal.sqlscript.DefaultSqlScriptExecutor.handleException(DefaultSqlScriptExecutor.java:271)
	at org.flywaydb.core.internal.sqlscript.DefaultSqlScriptExecutor.executeStatement(DefaultSqlScriptExecutor.java:218)
	at org.flywaydb.core.internal.sqlscript.DefaultSqlScriptExecutor.execute(DefaultSqlScriptExecutor.java:126)
	at org.flywaydb.core.internal.resolver.sql.SqlMigrationExecutor.executeOnce(SqlMigrationExecutor.java:78)
	at org.flywaydb.core.internal.resolver.sql.SqlMigrationExecutor.lambda$execute$0(SqlMigrationExecutor.java:67)
	at org.flywaydb.core.internal.database.DefaultExecutionStrategy.execute(DefaultExecutionStrategy.java:27)
	at org.flywaydb.core.internal.resolver.sql.SqlMigrationExecutor.execute(SqlMigrationExecutor.java:66)
	at org.flywaydb.core.internal.command.DbMigrate.doMigrateGroup(DbMigrate.java:424)
	... 38 common frames omitted
Caused by: org.postgresql.util.PSQLException: ОШИБКА: повторяющееся значение ключа нарушает ограничение уникальности "usr_pkey"
  Подробности: Ключ "(user_id)=(11)" уже существует.
	at org.postgresql.core.v3.QueryExecutorImpl.receiveErrorResponse(QueryExecutorImpl.java:2565)
	at org.postgresql.core.v3.QueryExecutorImpl.processResults(QueryExecutorImpl.java:2297)
	at org.postgresql.core.v3.QueryExecutorImpl.execute(QueryExecutorImpl.java:322)
	at org.postgresql.jdbc.PgStatement.executeInternal(PgStatement.java:481)
	at org.postgresql.jdbc.PgStatement.execute(PgStatement.java:401)
	at org.postgresql.jdbc.PgStatement.executeWithFlags(PgStatement.java:322)
	at org.postgresql.jdbc.PgStatement.executeCachedSql(PgStatement.java:308)
	at org.postgresql.jdbc.PgStatement.executeWithFlags(PgStatement.java:284)
	at org.postgresql.jdbc.PgStatement.execute(PgStatement.java:279)
	at com.zaxxer.hikari.pool.ProxyStatement.execute(ProxyStatement.java:94)
	at com.zaxxer.hikari.pool.HikariProxyStatement.execute(HikariProxyStatement.java)
	at org.flywaydb.core.internal.jdbc.JdbcTemplate.executeStatement(JdbcTemplate.java:241)
	at org.flywaydb.core.internal.sqlscript.ParsedSqlStatement.execute(ParsedSqlStatement.java:111)
	at org.flywaydb.core.internal.sqlscript.DefaultSqlScriptExecutor.executeStatement(DefaultSqlScriptExecutor.java:206)
	... 44 common frames omitted
10:37:31.196  1039 [main] INFO  ru.bis.server.Main - Starting Main using Java 17.0.2 on DESKTOP-1RF1BD1 with PID 12340 (C:\Users\My PC\IdeaProjects\prerevolutionary-tinder\server\target\classes started by My PC in C:\Users\My PC\IdeaProjects\prerevolutionary-tinder)
10:37:31.201  1044 [main] INFO  ru.bis.server.Main - No active profile set, falling back to 1 default profile: "default"
10:37:32.021  1864 [main] INFO  o.s.d.r.c.RepositoryConfigurationDelegate - Bootstrapping Spring Data JPA repositories in DEFAULT mode.
10:37:32.097  1940 [main] INFO  o.s.d.r.c.RepositoryConfigurationDelegate - Finished Spring Data repository scanning in 64 ms. Found 1 JPA repository interfaces.
10:37:32.835  2678 [main] INFO  o.s.b.w.e.tomcat.TomcatWebServer - Tomcat initialized with port(s): 8080 (http)
10:37:32.846  2689 [main] INFO  o.a.coyote.http11.Http11NioProtocol - Initializing ProtocolHandler ["http-nio-8080"]
10:37:32.846  2689 [main] INFO  o.a.catalina.core.StandardService - Starting service [Tomcat]
10:37:32.846  2689 [main] INFO  o.a.catalina.core.StandardEngine - Starting Servlet engine: [Apache Tomcat/9.0.58]
10:37:33.018  2861 [main] INFO  o.a.c.c.C.[Tomcat].[localhost].[/] - Initializing Spring embedded WebApplicationContext
10:37:33.019  2862 [main] INFO  o.s.b.w.s.c.ServletWebServerApplicationContext - Root WebApplicationContext: initialization completed in 1751 ms
10:37:33.173  3016 [main] INFO  o.f.c.i.license.VersionPrinter - Flyway Community Edition 7.7.3 by Redgate
10:37:33.180  3023 [main] INFO  com.zaxxer.hikari.HikariDataSource - HikariPool-1 - Starting...
10:37:33.412  3255 [main] INFO  com.zaxxer.hikari.HikariDataSource - HikariPool-1 - Start completed.
10:37:33.440  3283 [main] INFO  o.f.c.i.database.base.DatabaseType - Database: jdbc:postgresql://localhost/tinder_db (PostgreSQL 13.6)
10:37:33.497  3340 [main] INFO  o.f.c.internal.command.DbValidate - Successfully validated 5 migrations (execution time 00:00.036s)
10:37:33.505  3348 [main] INFO  o.f.core.internal.command.DbMigrate - Current version of schema "public": 4
10:37:33.524  3367 [main] INFO  o.f.core.internal.command.DbMigrate - Migrating schema "public" to version "5 - Update Users"
10:37:33.531  3374 [main] INFO  o.f.c.i.s.DefaultSqlScriptExecutor - 0 rows affected
10:37:33.534  3377 [main] INFO  o.f.c.i.s.DefaultSqlScriptExecutor - 10 rows affected
10:37:33.536  3379 [main] INFO  o.f.c.i.s.DefaultSqlScriptExecutor - 1 rows affected
10:37:33.552  3395 [main] INFO  o.f.c.i.s.DefaultSqlScriptExecutor - 1 rows affected
10:37:33.578  3421 [main] INFO  o.f.core.internal.command.DbMigrate - Successfully applied 1 migration to schema "public", now at version v5 (execution time 00:00.077s)
10:37:33.723  3566 [main] INFO  o.h.jpa.internal.util.LogHelper - HHH000204: Processing PersistenceUnitInfo [name: default]
10:37:33.787  3630 [main] INFO  org.hibernate.Version - HHH000412: Hibernate ORM core version 5.4.33
10:37:33.954  3797 [main] INFO  o.h.annotations.common.Version - HCANN000001: Hibernate Commons Annotations {5.1.2.Final}
10:37:34.122  3965 [main] INFO  org.hibernate.dialect.Dialect - HHH000400: Using dialect: org.hibernate.dialect.PostgreSQL10Dialect
10:37:34.940  4783 [main] INFO  o.h.e.t.j.p.i.JtaPlatformInitiator - HHH000490: Using JtaPlatform implementation: [org.hibernate.engine.transaction.jta.platform.internal.NoJtaPlatform]
10:37:34.952  4795 [main] INFO  o.s.o.j.LocalContainerEntityManagerFactoryBean - Initialized JPA EntityManagerFactory for persistence unit 'default'
10:37:35.461  5304 [main] WARN  o.s.b.a.o.j.JpaBaseConfiguration$JpaWebConfiguration - spring.jpa.open-in-view is enabled by default. Therefore, database queries may be performed during view rendering. Explicitly configure spring.jpa.open-in-view to disable this warning
10:37:35.860  5703 [main] INFO  o.a.coyote.http11.Http11NioProtocol - Starting ProtocolHandler ["http-nio-8080"]
10:37:35.890  5733 [main] INFO  o.s.b.w.e.tomcat.TomcatWebServer - Tomcat started on port(s): 8080 (http) with context path ''
10:37:35.905  5748 [main] INFO  ru.bis.server.Main - Started Main in 5.299 seconds (JVM running for 6.584)
10:38:41.359  71202 [http-nio-8080-exec-1] INFO  o.a.c.c.C.[Tomcat].[localhost].[/] - Initializing Spring DispatcherServlet 'dispatcherServlet'
10:38:41.359  71202 [http-nio-8080-exec-1] INFO  o.s.web.servlet.DispatcherServlet - Initializing Servlet 'dispatcherServlet'
10:38:41.361  71204 [http-nio-8080-exec-1] INFO  o.s.web.servlet.DispatcherServlet - Completed initialization in 2 ms
10:38:41.400  71243 [http-nio-8080-exec-1] INFO  ru.bis.server.aop.LoggingAspect - Enter: ru.bis.server.controller.UserController.getUserByTelegramId() with argument[s] = [736511947]
10:38:41.563  71406 [http-nio-8080-exec-1] INFO  ru.bis.server.aop.LoggingAspect - Exit: ru.bis.server.controller.UserController.getUserByTelegramId() with result = <200 OK OK,User(userId=11, telegramId=736511947, name=Сулейман, description=Стажер Лиги Цмфровых Технологий, sex=MAIL, searchPreferences=ALL),[]>
10:38:57.050  86893 [http-nio-8080-exec-2] INFO  ru.bis.server.aop.LoggingAspect - Enter: ru.bis.server.controller.UserController.getUserByTelegramId() with argument[s] = [736511947]
10:38:57.054  86897 [http-nio-8080-exec-2] INFO  ru.bis.server.aop.LoggingAspect - Exit: ru.bis.server.controller.UserController.getUserByTelegramId() with result = <200 OK OK,User(userId=11, telegramId=736511947, name=Сулейман, description=Стажер Лиги Цмфровых Технологий, sex=MAIL, searchPreferences=ALL),[]>
10:38:57.067  86910 [http-nio-8080-exec-3] INFO  ru.bis.server.aop.LoggingAspect - Enter: ru.bis.server.controller.UserController.getUserFavorites() with argument[s] = [736511947]
10:38:57.069  86912 [http-nio-8080-exec-3] INFO  ru.bis.server.aop.LoggingAspect - Exit: ru.bis.server.controller.UserController.getUserFavorites() with result = <200 OK OK,[],[]>
10:38:57.121  86964 [http-nio-8080-exec-4] INFO  ru.bis.server.aop.LoggingAspect - Enter: ru.bis.server.controller.UserController.getUserFans() with argument[s] = [736511947]
10:38:57.147  86990 [http-nio-8080-exec-4] INFO  ru.bis.server.aop.LoggingAspect - Exit: ru.bis.server.controller.UserController.getUserFans() with result = <200 OK OK,[],[]>
10:38:58.679  88522 [http-nio-8080-exec-5] INFO  ru.bis.server.aop.LoggingAspect - Enter: ru.bis.server.controller.UserController.getUserByTelegramId() with argument[s] = [736511947]
10:38:58.681  88524 [http-nio-8080-exec-5] INFO  ru.bis.server.aop.LoggingAspect - Exit: ru.bis.server.controller.UserController.getUserByTelegramId() with result = <200 OK OK,User(userId=11, telegramId=736511947, name=Сулейман, description=Стажер Лиги Цмфровых Технологий, sex=MAIL, searchPreferences=ALL),[]>
10:38:58.690  88533 [http-nio-8080-exec-6] INFO  ru.bis.server.aop.LoggingAspect - Enter: ru.bis.server.controller.UserController.getCandidates() with argument[s] = [736511947]
10:38:58.711  88554 [http-nio-8080-exec-6] INFO  ru.bis.server.aop.LoggingAspect - Exit: ru.bis.server.controller.UserController.getCandidates() with result = <200 OK OK,[User(userId=7, telegramId=7, name=Иосиф С., description=Всех расстрелять. Оставить только Берию, sex=MAIL, searchPreferences=ALL), User(userId=9, telegramId=9, name=Серафима, description=Красавица, 24 лет, интеллигентная, брюнетка, очень шикарная, прогремевшая в Москве и Париже по красоте и нарядам, ищет знакомств, цель — замужество, с миллионером пожилых лет, sex=FEMALE, searchPreferences=ALL), User(userId=10, telegramId=10, name=Анна, description=Образованная барышня ищет мужа миллионера,  непременно пожилого, во избежание неверности, sex=FEMALE, searchPreferences=ALL), User(userId=2, telegramId=2, name=Николай, description=Кинорежиссер, 26 лет, серьезный, ищу жену-друга, любящую искусство, с капиталом не менее 40 000 руб. для собственного производства кинематографических лент. Звание и красота безразлично, sex=MAIL, searchPreferences=ALL), User(userId=3, telegramId=3, name=Марфа, description=Красивая с русалочьими глазами, вся сотканная из нервов и оригинальности, зовет на праздник жизни интеллигентного, очень богатого господина, способного на сильное яркое чувство; цель — брак, sex=FEMALE, searchPreferences=ALL), User(userId=1, telegramId=1, name=Григорий, description=Солидный офицер, полковник действительной службы желает иметь честь стать мужем жизнерадостной, интересной и интеллигентной особы. Я — эстетик и потому некрасивых прошу оставить мою исповедь без внимания, sex=MAIL, searchPreferences=ALL), User(userId=6, telegramId=6, name=Владимир Ильич, description=Революционер. Хочу раздать крестьян крестьянкам, а работниц - рабочим. Ищу Крупскую, sex=MAIL, searchPreferences=ALL), User(userId=4, telegramId=4, name=Екатерина, description=Только что кончившая гимназию девица желает выйти замуж за холостого или бездетного вдовца с состоянием. Возраста не стесняться, sex=FEMALE, searchPreferences=ALL), User(userId=5, telegramId=5, name=Иннокентий, description=Вдовец 42 лет желает жениться на девушке без прошлого, образованной, знающей музыку и обладающей приятным голосом. Теща нежелательна, sex=MAIL, searchPreferences=ALL), User(userId=8, telegramId=8, name=Надежда, description=Красивая с русалочьими глазами, вся сотканная из нервов и оригинальности, зовет на праздник жизни интеллигентного, очень богатого господина, способного на сильное яркое чувство; цель — брак, sex=FEMALE, searchPreferences=ALL)],[]>
10:39:02.742  92585 [http-nio-8080-exec-7] INFO  ru.bis.server.aop.LoggingAspect - Enter: ru.bis.server.controller.UserController.getUserByTelegramId() with argument[s] = [736511947]
10:39:02.744  92587 [http-nio-8080-exec-7] INFO  ru.bis.server.aop.LoggingAspect - Exit: ru.bis.server.controller.UserController.getUserByTelegramId() with result = <200 OK OK,User(userId=11, telegramId=736511947, name=Сулейман, description=Стажер Лиги Цмфровых Технологий, sex=MAIL, searchPreferences=ALL),[]>
10:39:06.608  96451 [http-nio-8080-exec-8] INFO  ru.bis.server.aop.LoggingAspect - Enter: ru.bis.server.controller.UserController.getUserByTelegramId() with argument[s] = [736511947]
10:39:06.611  96454 [http-nio-8080-exec-8] INFO  ru.bis.server.aop.LoggingAspect - Exit: ru.bis.server.controller.UserController.getUserByTelegramId() with result = <200 OK OK,User(userId=11, telegramId=736511947, name=Сулейман, description=Стажер Лиги Цмфровых Технологий, sex=MAIL, searchPreferences=ALL),[]>
10:39:06.657  96500 [http-nio-8080-exec-9] INFO  ru.bis.server.aop.LoggingAspect - Enter: ru.bis.server.controller.UserController.addFavorite() with argument[s] = [736511947, 9]
10:39:06.713  96556 [http-nio-8080-exec-9] INFO  ru.bis.server.aop.LoggingAspect - Exit: ru.bis.server.controller.UserController.addFavorite() with result = <200 OK OK,true,[]>
10:39:06.719  96562 [http-nio-8080-exec-10] INFO  ru.bis.server.aop.LoggingAspect - Enter: ru.bis.server.controller.UserController.getUserFans() with argument[s] = [9]
10:39:06.722  96565 [http-nio-8080-exec-10] INFO  ru.bis.server.aop.LoggingAspect - Exit: ru.bis.server.controller.UserController.getUserFans() with result = <200 OK OK,[User(userId=11, telegramId=736511947, name=Сулейман, description=Стажер Лиги Цмфровых Технологий, sex=MAIL, searchPreferences=ALL)],[]>
10:39:06.732  96575 [http-nio-8080-exec-1] INFO  ru.bis.server.aop.LoggingAspect - Enter: ru.bis.server.controller.UserController.getUserFavorites() with argument[s] = [736511947]
10:39:06.734  96577 [http-nio-8080-exec-1] INFO  ru.bis.server.aop.LoggingAspect - Exit: ru.bis.server.controller.UserController.getUserFavorites() with result = <200 OK OK,[User(userId=9, telegramId=9, name=Серафима, description=Красавица, 24 лет, интеллигентная, брюнетка, очень шикарная, прогремевшая в Москве и Париже по красоте и нарядам, ищет знакомств, цель — замужество, с миллионером пожилых лет, sex=FEMALE, searchPreferences=ALL)],[]>
10:39:18.106  107949 [http-nio-8080-exec-2] INFO  ru.bis.server.aop.LoggingAspect - Enter: ru.bis.server.controller.UserController.getUserByTelegramId() with argument[s] = [736511947]
10:39:18.108  107951 [http-nio-8080-exec-2] INFO  ru.bis.server.aop.LoggingAspect - Exit: ru.bis.server.controller.UserController.getUserByTelegramId() with result = <200 OK OK,User(userId=11, telegramId=736511947, name=Сулейман, description=Стажер Лиги Цмфровых Технологий, sex=MAIL, searchPreferences=ALL),[]>
10:39:18.114  107957 [http-nio-8080-exec-3] INFO  ru.bis.server.aop.LoggingAspect - Enter: ru.bis.server.controller.UserController.addFavorite() with argument[s] = [736511947, 10]
10:39:18.122  107965 [http-nio-8080-exec-3] INFO  ru.bis.server.aop.LoggingAspect - Exit: ru.bis.server.controller.UserController.addFavorite() with result = <200 OK OK,true,[]>
10:39:18.127  107970 [http-nio-8080-exec-4] INFO  ru.bis.server.aop.LoggingAspect - Enter: ru.bis.server.controller.UserController.getUserFans() with argument[s] = [10]
10:39:18.129  107972 [http-nio-8080-exec-4] INFO  ru.bis.server.aop.LoggingAspect - Exit: ru.bis.server.controller.UserController.getUserFans() with result = <200 OK OK,[User(userId=11, telegramId=736511947, name=Сулейман, description=Стажер Лиги Цмфровых Технологий, sex=MAIL, searchPreferences=ALL)],[]>
10:39:18.136  107979 [http-nio-8080-exec-5] INFO  ru.bis.server.aop.LoggingAspect - Enter: ru.bis.server.controller.UserController.getUserFavorites() with argument[s] = [736511947]
10:39:18.137  107980 [http-nio-8080-exec-5] INFO  ru.bis.server.aop.LoggingAspect - Exit: ru.bis.server.controller.UserController.getUserFavorites() with result = <200 OK OK,[User(userId=9, telegramId=9, name=Серафима, description=Красавица, 24 лет, интеллигентная, брюнетка, очень шикарная, прогремевшая в Москве и Париже по красоте и нарядам, ищет знакомств, цель — замужество, с миллионером пожилых лет, sex=FEMALE, searchPreferences=ALL), User(userId=10, telegramId=10, name=Анна, description=Образованная барышня ищет мужа миллионера,  непременно пожилого, во избежание неверности, sex=FEMALE, searchPreferences=ALL)],[]>
10:39:25.147  114990 [http-nio-8080-exec-6] INFO  ru.bis.server.aop.LoggingAspect - Enter: ru.bis.server.controller.UserController.getUserByTelegramId() with argument[s] = [736511947]
10:39:25.149  114992 [http-nio-8080-exec-6] INFO  ru.bis.server.aop.LoggingAspect - Exit: ru.bis.server.controller.UserController.getUserByTelegramId() with result = <200 OK OK,User(userId=11, telegramId=736511947, name=Сулейман, description=Стажер Лиги Цмфровых Технологий, sex=MAIL, searchPreferences=ALL),[]>
10:39:29.896  119739 [http-nio-8080-exec-7] INFO  ru.bis.server.aop.LoggingAspect - Enter: ru.bis.server.controller.UserController.getUserByTelegramId() with argument[s] = [736511947]
10:39:29.897  119740 [http-nio-8080-exec-7] INFO  ru.bis.server.aop.LoggingAspect - Exit: ru.bis.server.controller.UserController.getUserByTelegramId() with result = <200 OK OK,User(userId=11, telegramId=736511947, name=Сулейман, description=Стажер Лиги Цмфровых Технологий, sex=MAIL, searchPreferences=ALL),[]>
10:39:29.903  119746 [http-nio-8080-exec-8] INFO  ru.bis.server.aop.LoggingAspect - Enter: ru.bis.server.controller.UserController.addFavorite() with argument[s] = [736511947, 3]
10:39:29.911  119754 [http-nio-8080-exec-8] INFO  ru.bis.server.aop.LoggingAspect - Exit: ru.bis.server.controller.UserController.addFavorite() with result = <200 OK OK,true,[]>
10:39:29.915  119758 [http-nio-8080-exec-9] INFO  ru.bis.server.aop.LoggingAspect - Enter: ru.bis.server.controller.UserController.getUserFans() with argument[s] = [3]
10:39:29.918  119761 [http-nio-8080-exec-9] INFO  ru.bis.server.aop.LoggingAspect - Exit: ru.bis.server.controller.UserController.getUserFans() with result = <200 OK OK,[User(userId=1, telegramId=1, name=Григорий, description=Солидный офицер, полковник действительной службы желает иметь честь стать мужем жизнерадостной, интересной и интеллигентной особы. Я — эстетик и потому некрасивых прошу оставить мою исповедь без внимания, sex=MAIL, searchPreferences=ALL), User(userId=11, telegramId=736511947, name=Сулейман, description=Стажер Лиги Цмфровых Технологий, sex=MAIL, searchPreferences=ALL)],[]>
10:39:29.925  119768 [http-nio-8080-exec-10] INFO  ru.bis.server.aop.LoggingAspect - Enter: ru.bis.server.controller.UserController.getUserFavorites() with argument[s] = [736511947]
10:39:29.927  119770 [http-nio-8080-exec-10] INFO  ru.bis.server.aop.LoggingAspect - Exit: ru.bis.server.controller.UserController.getUserFavorites() with result = <200 OK OK,[User(userId=9, telegramId=9, name=Серафима, description=Красавица, 24 лет, интеллигентная, брюнетка, очень шикарная, прогремевшая в Москве и Париже по красоте и нарядам, ищет знакомств, цель — замужество, с миллионером пожилых лет, sex=FEMALE, searchPreferences=ALL), User(userId=10, telegramId=10, name=Анна, description=Образованная барышня ищет мужа миллионера,  непременно пожилого, во избежание неверности, sex=FEMALE, searchPreferences=ALL), User(userId=3, telegramId=3, name=Марфа, description=Красивая с русалочьими глазами, вся сотканная из нервов и оригинальности, зовет на праздник жизни интеллигентного, очень богатого господина, способного на сильное яркое чувство; цель — брак, sex=FEMALE, searchPreferences=ALL)],[]>
10:39:34.552  124395 [http-nio-8080-exec-1] INFO  ru.bis.server.aop.LoggingAspect - Enter: ru.bis.server.controller.UserController.getUserByTelegramId() with argument[s] = [736511947]
10:39:34.554  124397 [http-nio-8080-exec-1] INFO  ru.bis.server.aop.LoggingAspect - Exit: ru.bis.server.controller.UserController.getUserByTelegramId() with result = <200 OK OK,User(userId=11, telegramId=736511947, name=Сулейман, description=Стажер Лиги Цмфровых Технологий, sex=MAIL, searchPreferences=ALL),[]>
10:39:34.561  124404 [http-nio-8080-exec-2] INFO  ru.bis.server.aop.LoggingAspect - Enter: ru.bis.server.controller.UserController.addFavorite() with argument[s] = [736511947, 1]
10:39:34.571  124414 [http-nio-8080-exec-2] INFO  ru.bis.server.aop.LoggingAspect - Exit: ru.bis.server.controller.UserController.addFavorite() with result = <200 OK OK,true,[]>
10:39:34.576  124419 [http-nio-8080-exec-3] INFO  ru.bis.server.aop.LoggingAspect - Enter: ru.bis.server.controller.UserController.getUserFans() with argument[s] = [1]
10:39:34.578  124421 [http-nio-8080-exec-3] INFO  ru.bis.server.aop.LoggingAspect - Exit: ru.bis.server.controller.UserController.getUserFans() with result = <200 OK OK,[User(userId=3, telegramId=3, name=Марфа, description=Красивая с русалочьими глазами, вся сотканная из нервов и оригинальности, зовет на праздник жизни интеллигентного, очень богатого господина, способного на сильное яркое чувство; цель — брак, sex=FEMALE, searchPreferences=ALL), User(userId=11, telegramId=736511947, name=Сулейман, description=Стажер Лиги Цмфровых Технологий, sex=MAIL, searchPreferences=ALL)],[]>
10:39:34.585  124428 [http-nio-8080-exec-4] INFO  ru.bis.server.aop.LoggingAspect - Enter: ru.bis.server.controller.UserController.getUserFavorites() with argument[s] = [736511947]
10:39:34.586  124429 [http-nio-8080-exec-4] INFO  ru.bis.server.aop.LoggingAspect - Exit: ru.bis.server.controller.UserController.getUserFavorites() with result = <200 OK OK,[User(userId=9, telegramId=9, name=Серафима, description=Красавица, 24 лет, интеллигентная, брюнетка, очень шикарная, прогремевшая в Москве и Париже по красоте и нарядам, ищет знакомств, цель — замужество, с миллионером пожилых лет, sex=FEMALE, searchPreferences=ALL), User(userId=10, telegramId=10, name=Анна, description=Образованная барышня ищет мужа миллионера,  непременно пожилого, во избежание неверности, sex=FEMALE, searchPreferences=ALL), User(userId=3, telegramId=3, name=Марфа, description=Красивая с русалочьими глазами, вся сотканная из нервов и оригинальности, зовет на праздник жизни интеллигентного, очень богатого господина, способного на сильное яркое чувство; цель — брак, sex=FEMALE, searchPreferences=ALL), User(userId=1, telegramId=1, name=Григорий, description=Солидный офицер, полковник действительной службы желает иметь честь стать мужем жизнерадостной, интересной и интеллигентной особы. Я — эстетик и потому некрасивых прошу оставить мою исповедь без внимания, sex=MAIL, searchPreferences=ALL)],[]>
10:39:58.024  147867 [http-nio-8080-exec-5] INFO  ru.bis.server.aop.LoggingAspect - Enter: ru.bis.server.controller.UserController.getUserByTelegramId() with argument[s] = [736511947]
10:39:58.027  147870 [http-nio-8080-exec-5] INFO  ru.bis.server.aop.LoggingAspect - Exit: ru.bis.server.controller.UserController.getUserByTelegramId() with result = <200 OK OK,User(userId=11, telegramId=736511947, name=Сулейман, description=Стажер Лиги Цмфровых Технологий, sex=MAIL, searchPreferences=ALL),[]>
10:39:59.750  149593 [http-nio-8080-exec-6] INFO  ru.bis.server.aop.LoggingAspect - Enter: ru.bis.server.controller.UserController.getUserByTelegramId() with argument[s] = [736511947]
10:39:59.752  149595 [http-nio-8080-exec-6] INFO  ru.bis.server.aop.LoggingAspect - Exit: ru.bis.server.controller.UserController.getUserByTelegramId() with result = <200 OK OK,User(userId=11, telegramId=736511947, name=Сулейман, description=Стажер Лиги Цмфровых Технологий, sex=MAIL, searchPreferences=ALL),[]>
10:40:07.640  157483 [http-nio-8080-exec-7] INFO  ru.bis.server.aop.LoggingAspect - Enter: ru.bis.server.controller.UserController.getUserByTelegramId() with argument[s] = [736511947]
10:40:07.641  157484 [http-nio-8080-exec-7] INFO  ru.bis.server.aop.LoggingAspect - Exit: ru.bis.server.controller.UserController.getUserByTelegramId() with result = <200 OK OK,User(userId=11, telegramId=736511947, name=Сулейман, description=Стажер Лиги Цмфровых Технологий, sex=MAIL, searchPreferences=ALL),[]>
10:40:13.296  163139 [http-nio-8080-exec-8] INFO  ru.bis.server.aop.LoggingAspect - Enter: ru.bis.server.controller.UserController.getUserByTelegramId() with argument[s] = [736511947]
10:40:13.298  163141 [http-nio-8080-exec-8] INFO  ru.bis.server.aop.LoggingAspect - Exit: ru.bis.server.controller.UserController.getUserByTelegramId() with result = <200 OK OK,User(userId=11, telegramId=736511947, name=Сулейман, description=Стажер Лиги Цмфровых Технологий, sex=MAIL, searchPreferences=ALL),[]>
10:40:35.165  185008 [http-nio-8080-exec-9] INFO  ru.bis.server.aop.LoggingAspect - Enter: ru.bis.server.controller.UserController.getUserByTelegramId() with argument[s] = [736511947]
10:40:35.168  185011 [http-nio-8080-exec-9] INFO  ru.bis.server.aop.LoggingAspect - Exit: ru.bis.server.controller.UserController.getUserByTelegramId() with result = <200 OK OK,User(userId=11, telegramId=736511947, name=Сулейман, description=Стажер Лиги Цмфровых Технологий, sex=MAIL, searchPreferences=ALL),[]>
10:40:41.165  191008 [http-nio-8080-exec-10] INFO  ru.bis.server.aop.LoggingAspect - Enter: ru.bis.server.controller.UserController.getUserByTelegramId() with argument[s] = [736511947]
10:40:41.167  191010 [http-nio-8080-exec-10] INFO  ru.bis.server.aop.LoggingAspect - Exit: ru.bis.server.controller.UserController.getUserByTelegramId() with result = <200 OK OK,User(userId=11, telegramId=736511947, name=Сулейман, description=Стажер Лиги Цмфровых Технологий, sex=MAIL, searchPreferences=ALL),[]>
10:40:44.145  193988 [http-nio-8080-exec-1] INFO  ru.bis.server.aop.LoggingAspect - Enter: ru.bis.server.controller.UserController.getUserByTelegramId() with argument[s] = [736511947]
10:40:44.147  193990 [http-nio-8080-exec-1] INFO  ru.bis.server.aop.LoggingAspect - Exit: ru.bis.server.controller.UserController.getUserByTelegramId() with result = <200 OK OK,User(userId=11, telegramId=736511947, name=Сулейман, description=Стажер Лиги Цмфровых Технологий, sex=MAIL, searchPreferences=ALL),[]>
10:41:30.243  240086 [http-nio-8080-exec-2] INFO  ru.bis.server.aop.LoggingAspect - Enter: ru.bis.server.controller.UserController.getUserByTelegramId() with argument[s] = [736511947]
10:41:30.253  240096 [http-nio-8080-exec-2] INFO  ru.bis.server.aop.LoggingAspect - Exit: ru.bis.server.controller.UserController.getUserByTelegramId() with result = <200 OK OK,User(userId=11, telegramId=736511947, name=Сулейман, description=Стажер Лиги Цмфровых Технологий, sex=MAIL, searchPreferences=ALL),[]>
10:50:20.291  770134 [http-nio-8080-exec-4] INFO  ru.bis.server.aop.LoggingAspect - Enter: ru.bis.server.controller.UserController.getUserByTelegramId() with argument[s] = [736511947]
10:50:20.293  770136 [http-nio-8080-exec-4] INFO  ru.bis.server.aop.LoggingAspect - Exit: ru.bis.server.controller.UserController.getUserByTelegramId() with result = <200 OK OK,User(userId=11, telegramId=736511947, name=Сулейман, description=Стажер Лиги Цмфровых Технологий, sex=MAIL, searchPreferences=ALL),[]>
10:50:29.227  779070 [http-nio-8080-exec-5] INFO  ru.bis.server.aop.LoggingAspect - Enter: ru.bis.server.controller.UserController.getUserByTelegramId() with argument[s] = [736511947]
10:50:29.228  779071 [http-nio-8080-exec-5] INFO  ru.bis.server.aop.LoggingAspect - Exit: ru.bis.server.controller.UserController.getUserByTelegramId() with result = <200 OK OK,User(userId=11, telegramId=736511947, name=Сулейман, description=Стажер Лиги Цмфровых Технологий, sex=MAIL, searchPreferences=ALL),[]>
10:57:24.480  1194323 [http-nio-8080-exec-7] INFO  ru.bis.server.aop.LoggingAspect - Enter: ru.bis.server.controller.UserController.getUserByTelegramId() with argument[s] = [736511947]
10:57:24.482  1194325 [http-nio-8080-exec-7] INFO  ru.bis.server.aop.LoggingAspect - Exit: ru.bis.server.controller.UserController.getUserByTelegramId() with result = <200 OK OK,User(userId=11, telegramId=736511947, name=Сулейман, description=Стажер Лиги Цмфровых Технологий, sex=MAIL, searchPreferences=ALL),[]>
10:57:29.793  1199636 [http-nio-8080-exec-8] INFO  ru.bis.server.aop.LoggingAspect - Enter: ru.bis.server.controller.UserController.getUserByTelegramId() with argument[s] = [736511947]
10:57:29.795  1199638 [http-nio-8080-exec-8] INFO  ru.bis.server.aop.LoggingAspect - Exit: ru.bis.server.controller.UserController.getUserByTelegramId() with result = <200 OK OK,User(userId=11, telegramId=736511947, name=Сулейман, description=Стажер Лиги Цмфровых Технологий, sex=MAIL, searchPreferences=ALL),[]>
10:57:29.804  1199647 [http-nio-8080-exec-9] INFO  ru.bis.server.aop.LoggingAspect - Enter: ru.bis.server.controller.UserController.getUserFavorites() with argument[s] = [736511947]
10:57:29.806  1199649 [http-nio-8080-exec-9] INFO  ru.bis.server.aop.LoggingAspect - Exit: ru.bis.server.controller.UserController.getUserFavorites() with result = <200 OK OK,[User(userId=9, telegramId=9, name=Серафима, description=Красавица, 24 лет, интеллигентная, брюнетка, очень шикарная, прогремевшая в Москве и Париже по красоте и нарядам, ищет знакомств, цель — замужество, с миллионером пожилых лет, sex=FEMALE, searchPreferences=ALL), User(userId=10, telegramId=10, name=Анна, description=Образованная барышня ищет мужа миллионера,  непременно пожилого, во избежание неверности, sex=FEMALE, searchPreferences=ALL), User(userId=3, telegramId=3, name=Марфа, description=Красивая с русалочьими глазами, вся сотканная из нервов и оригинальности, зовет на праздник жизни интеллигентного, очень богатого господина, способного на сильное яркое чувство; цель — брак, sex=FEMALE, searchPreferences=ALL), User(userId=1, telegramId=1, name=Григорий, description=Солидный офицер, полковник действительной службы желает иметь честь стать мужем жизнерадостной, интересной и интеллигентной особы. Я — эстетик и потому некрасивых прошу оставить мою исповедь без внимания, sex=MAIL, searchPreferences=ALL)],[]>
10:57:29.834  1199677 [http-nio-8080-exec-10] INFO  ru.bis.server.aop.LoggingAspect - Enter: ru.bis.server.controller.UserController.getUserFans() with argument[s] = [736511947]
10:57:29.835  1199678 [http-nio-8080-exec-10] INFO  ru.bis.server.aop.LoggingAspect - Exit: ru.bis.server.controller.UserController.getUserFans() with result = <200 OK OK,[],[]>
10:57:35.645  1205488 [http-nio-8080-exec-1] INFO  ru.bis.server.aop.LoggingAspect - Enter: ru.bis.server.controller.UserController.getUserByTelegramId() with argument[s] = [736511947]
10:57:35.646  1205489 [http-nio-8080-exec-1] INFO  ru.bis.server.aop.LoggingAspect - Exit: ru.bis.server.controller.UserController.getUserByTelegramId() with result = <200 OK OK,User(userId=11, telegramId=736511947, name=Сулейман, description=Стажер Лиги Цмфровых Технологий, sex=MAIL, searchPreferences=ALL),[]>
10:57:41.705  1211548 [http-nio-8080-exec-2] INFO  ru.bis.server.aop.LoggingAspect - Enter: ru.bis.server.controller.UserController.getUserByTelegramId() with argument[s] = [736511947]
10:57:41.707  1211550 [http-nio-8080-exec-2] INFO  ru.bis.server.aop.LoggingAspect - Exit: ru.bis.server.controller.UserController.getUserByTelegramId() with result = <200 OK OK,User(userId=11, telegramId=736511947, name=Сулейман, description=Стажер Лиги Цмфровых Технологий, sex=MAIL, searchPreferences=ALL),[]>
10:57:44.556  1214399 [http-nio-8080-exec-3] INFO  ru.bis.server.aop.LoggingAspect - Enter: ru.bis.server.controller.UserController.getUserByTelegramId() with argument[s] = [736511947]
10:57:44.558  1214401 [http-nio-8080-exec-3] INFO  ru.bis.server.aop.LoggingAspect - Exit: ru.bis.server.controller.UserController.getUserByTelegramId() with result = <200 OK OK,User(userId=11, telegramId=736511947, name=Сулейман, description=Стажер Лиги Цмфровых Технологий, sex=MAIL, searchPreferences=ALL),[]>
10:57:48.897  1218740 [http-nio-8080-exec-4] INFO  ru.bis.server.aop.LoggingAspect - Enter: ru.bis.server.controller.UserController.getUserByTelegramId() with argument[s] = [736511947]
10:57:48.899  1218742 [http-nio-8080-exec-4] INFO  ru.bis.server.aop.LoggingAspect - Exit: ru.bis.server.controller.UserController.getUserByTelegramId() with result = <200 OK OK,User(userId=11, telegramId=736511947, name=Сулейман, description=Стажер Лиги Цмфровых Технологий, sex=MAIL, searchPreferences=ALL),[]>
10:57:48.905  1218748 [http-nio-8080-exec-5] INFO  ru.bis.server.aop.LoggingAspect - Enter: ru.bis.server.controller.UserController.getCandidates() with argument[s] = [736511947]
10:57:48.914  1218757 [http-nio-8080-exec-5] INFO  ru.bis.server.aop.LoggingAspect - Exit: ru.bis.server.controller.UserController.getCandidates() with result = <200 OK OK,[User(userId=7, telegramId=7, name=Иосиф С., description=Всех расстрелять. Оставить только Берию, sex=MAIL, searchPreferences=ALL), User(userId=2, telegramId=2, name=Николай, description=Кинорежиссер, 26 лет, серьезный, ищу жену-друга, любящую искусство, с капиталом не менее 40 000 руб. для собственного производства кинематографических лент. Звание и красота безразлично, sex=MAIL, searchPreferences=ALL), User(userId=6, telegramId=6, name=Владимир Ильич, description=Революционер. Хочу раздать крестьян крестьянкам, а работниц - рабочим. Ищу Крупскую, sex=MAIL, searchPreferences=ALL), User(userId=4, telegramId=4, name=Екатерина, description=Только что кончившая гимназию девица желает выйти замуж за холостого или бездетного вдовца с состоянием. Возраста не стесняться, sex=FEMALE, searchPreferences=ALL), User(userId=5, telegramId=5, name=Иннокентий, description=Вдовец 42 лет желает жениться на девушке без прошлого, образованной, знающей музыку и обладающей приятным голосом. Теща нежелательна, sex=MAIL, searchPreferences=ALL), User(userId=8, telegramId=8, name=Надежда, description=Красивая с русалочьими глазами, вся сотканная из нервов и оригинальности, зовет на праздник жизни интеллигентного, очень богатого господина, способного на сильное яркое чувство; цель — брак, sex=FEMALE, searchPreferences=ALL)],[]>
10:58:02.287  1232130 [http-nio-8080-exec-6] INFO  ru.bis.server.aop.LoggingAspect - Enter: ru.bis.server.controller.UserController.getUserByTelegramId() with argument[s] = [736511947]
10:58:02.289  1232132 [http-nio-8080-exec-6] INFO  ru.bis.server.aop.LoggingAspect - Exit: ru.bis.server.controller.UserController.getUserByTelegramId() with result = <200 OK OK,User(userId=11, telegramId=736511947, name=Сулейман, description=Стажер Лиги Цмфровых Технологий, sex=MAIL, searchPreferences=ALL),[]>
11:13:21.387  2151230 [http-nio-8080-exec-8] INFO  ru.bis.server.aop.LoggingAspect - Enter: ru.bis.server.controller.UserController.getUserByTelegramId() with argument[s] = [736511947]
11:13:21.393  2151236 [http-nio-8080-exec-8] INFO  ru.bis.server.aop.LoggingAspect - Exit: ru.bis.server.controller.UserController.getUserByTelegramId() with result = <200 OK OK,User(userId=11, telegramId=736511947, name=Сулейман, description=Стажер Лиги Цмфровых Технологий, sex=MAIL, searchPreferences=ALL),[]>
11:13:26.830  2156673 [http-nio-8080-exec-9] INFO  ru.bis.server.aop.LoggingAspect - Enter: ru.bis.server.controller.UserController.getUserByTelegramId() with argument[s] = [736511947]
11:13:26.833  2156676 [http-nio-8080-exec-9] INFO  ru.bis.server.aop.LoggingAspect - Exit: ru.bis.server.controller.UserController.getUserByTelegramId() with result = <200 OK OK,User(userId=11, telegramId=736511947, name=Сулейман, description=Стажер Лиги Цмфровых Технологий, sex=MAIL, searchPreferences=ALL),[]>
11:13:26.842  2156685 [http-nio-8080-exec-10] INFO  ru.bis.server.aop.LoggingAspect - Enter: ru.bis.server.controller.UserController.getCandidates() with argument[s] = [736511947]
11:13:26.856  2156699 [http-nio-8080-exec-10] INFO  ru.bis.server.aop.LoggingAspect - Exit: ru.bis.server.controller.UserController.getCandidates() with result = <200 OK OK,[User(userId=7, telegramId=7, name=Иосиф С., description=Всех расстрелять. Оставить только Берию, sex=MAIL, searchPreferences=ALL), User(userId=2, telegramId=2, name=Николай, description=Кинорежиссер, 26 лет, серьезный, ищу жену-друга, любящую искусство, с капиталом не менее 40 000 руб. для собственного производства кинематографических лент. Звание и красота безразлично, sex=MAIL, searchPreferences=ALL), User(userId=6, telegramId=6, name=Владимир Ильич, description=Революционер. Хочу раздать крестьян крестьянкам, а работниц - рабочим. Ищу Крупскую, sex=MAIL, searchPreferences=ALL), User(userId=4, telegramId=4, name=Екатерина, description=Только что кончившая гимназию девица желает выйти замуж за холостого или бездетного вдовца с состоянием. Возраста не стесняться, sex=FEMALE, searchPreferences=ALL), User(userId=5, telegramId=5, name=Иннокентий, description=Вдовец 42 лет желает жениться на девушке без прошлого, образованной, знающей музыку и обладающей приятным голосом. Теща нежелательна, sex=MAIL, searchPreferences=ALL), User(userId=8, telegramId=8, name=Надежда, description=Красивая с русалочьими глазами, вся сотканная из нервов и оригинальности, зовет на праздник жизни интеллигентного, очень богатого господина, способного на сильное яркое чувство; цель — брак, sex=FEMALE, searchPreferences=ALL)],[]>
11:13:29.980  2159823 [http-nio-8080-exec-1] INFO  ru.bis.server.aop.LoggingAspect - Enter: ru.bis.server.controller.UserController.getUserByTelegramId() with argument[s] = [736511947]
11:13:29.983  2159826 [http-nio-8080-exec-1] INFO  ru.bis.server.aop.LoggingAspect - Exit: ru.bis.server.controller.UserController.getUserByTelegramId() with result = <200 OK OK,User(userId=11, telegramId=736511947, name=Сулейман, description=Стажер Лиги Цмфровых Технологий, sex=MAIL, searchPreferences=ALL),[]>
11:13:31.607  2161450 [http-nio-8080-exec-2] INFO  ru.bis.server.aop.LoggingAspect - Enter: ru.bis.server.controller.UserController.getUserByTelegramId() with argument[s] = [736511947]
11:13:31.609  2161452 [http-nio-8080-exec-2] INFO  ru.bis.server.aop.LoggingAspect - Exit: ru.bis.server.controller.UserController.getUserByTelegramId() with result = <200 OK OK,User(userId=11, telegramId=736511947, name=Сулейман, description=Стажер Лиги Цмфровых Технологий, sex=MAIL, searchPreferences=ALL),[]>
11:13:31.620  2161463 [http-nio-8080-exec-3] INFO  ru.bis.server.aop.LoggingAspect - Enter: ru.bis.server.controller.UserController.getUserFavorites() with argument[s] = [736511947]
11:13:31.622  2161465 [http-nio-8080-exec-3] INFO  ru.bis.server.aop.LoggingAspect - Exit: ru.bis.server.controller.UserController.getUserFavorites() with result = <200 OK OK,[User(userId=9, telegramId=9, name=Серафима, description=Красавица, 24 лет, интеллигентная, брюнетка, очень шикарная, прогремевшая в Москве и Париже по красоте и нарядам, ищет знакомств, цель — замужество, с миллионером пожилых лет, sex=FEMALE, searchPreferences=ALL), User(userId=10, telegramId=10, name=Анна, description=Образованная барышня ищет мужа миллионера,  непременно пожилого, во избежание неверности, sex=FEMALE, searchPreferences=ALL), User(userId=3, telegramId=3, name=Марфа, description=Красивая с русалочьими глазами, вся сотканная из нервов и оригинальности, зовет на праздник жизни интеллигентного, очень богатого господина, способного на сильное яркое чувство; цель — брак, sex=FEMALE, searchPreferences=ALL), User(userId=1, telegramId=1, name=Григорий, description=Солидный офицер, полковник действительной службы желает иметь честь стать мужем жизнерадостной, интересной и интеллигентной особы. Я — эстетик и потому некрасивых прошу оставить мою исповедь без внимания, sex=MAIL, searchPreferences=ALL)],[]>
11:13:31.630  2161473 [http-nio-8080-exec-4] INFO  ru.bis.server.aop.LoggingAspect - Enter: ru.bis.server.controller.UserController.getUserFans() with argument[s] = [736511947]
11:13:31.632  2161475 [http-nio-8080-exec-4] INFO  ru.bis.server.aop.LoggingAspect - Exit: ru.bis.server.controller.UserController.getUserFans() with result = <200 OK OK,[],[]>
11:13:34.644  2164487 [http-nio-8080-exec-5] INFO  ru.bis.server.aop.LoggingAspect - Enter: ru.bis.server.controller.UserController.getUserByTelegramId() with argument[s] = [736511947]
11:13:34.646  2164489 [http-nio-8080-exec-5] INFO  ru.bis.server.aop.LoggingAspect - Exit: ru.bis.server.controller.UserController.getUserByTelegramId() with result = <200 OK OK,User(userId=11, telegramId=736511947, name=Сулейман, description=Стажер Лиги Цмфровых Технологий, sex=MAIL, searchPreferences=ALL),[]>
11:13:36.290  2166133 [http-nio-8080-exec-6] INFO  ru.bis.server.aop.LoggingAspect - Enter: ru.bis.server.controller.UserController.getUserByTelegramId() with argument[s] = [736511947]
11:13:36.291  2166134 [http-nio-8080-exec-6] INFO  ru.bis.server.aop.LoggingAspect - Exit: ru.bis.server.controller.UserController.getUserByTelegramId() with result = <200 OK OK,User(userId=11, telegramId=736511947, name=Сулейман, description=Стажер Лиги Цмфровых Технологий, sex=MAIL, searchPreferences=ALL),[]>
11:14:47.421  2237264 [http-nio-8080-exec-8] INFO  ru.bis.server.aop.LoggingAspect - Enter: ru.bis.server.controller.UserController.addUser() with argument[s] = [User(userId=11, telegramId=736511947, name=Сулейман, description=Джавист. Стажер Лиги., sex=MAIL, searchPreferences=ALL)]
11:14:47.441  2237284 [http-nio-8080-exec-8] INFO  ru.bis.server.aop.LoggingAspect - Exit: ru.bis.server.controller.UserController.addUser() with result = <201 CREATED Created,User(userId=11, telegramId=736511947, name=Сулейман, description=Джавист. Стажер Лиги., sex=MAIL, searchPreferences=ALL),[]>
11:23:49.185  2779028 [SpringApplicationShutdownHook] INFO  o.s.o.j.LocalContainerEntityManagerFactoryBean - Closing JPA EntityManagerFactory for persistence unit 'default'
11:23:49.196  2779039 [SpringApplicationShutdownHook] INFO  com.zaxxer.hikari.HikariDataSource - HikariPool-1 - Shutdown initiated...
11:23:49.216  2779059 [SpringApplicationShutdownHook] INFO  com.zaxxer.hikari.HikariDataSource - HikariPool-1 - Shutdown completed.
11:25:07.318  1148 [main] INFO  ru.bis.server.Main - Starting Main using Java 17.0.2 on DESKTOP-1RF1BD1 with PID 7188 (C:\Users\My PC\IdeaProjects\prerevolutionary-tinder\server\target\classes started by My PC in C:\Users\My PC\IdeaProjects\prerevolutionary-tinder)
11:25:07.323  1153 [main] INFO  ru.bis.server.Main - No active profile set, falling back to 1 default profile: "default"
11:25:08.241  2071 [main] INFO  o.s.d.r.c.RepositoryConfigurationDelegate - Bootstrapping Spring Data JPA repositories in DEFAULT mode.
11:25:08.317  2147 [main] INFO  o.s.d.r.c.RepositoryConfigurationDelegate - Finished Spring Data repository scanning in 63 ms. Found 1 JPA repository interfaces.
11:25:09.056  2886 [main] INFO  o.s.b.w.e.tomcat.TomcatWebServer - Tomcat initialized with port(s): 8080 (http)
11:25:09.067  2897 [main] INFO  o.a.coyote.http11.Http11NioProtocol - Initializing ProtocolHandler ["http-nio-8080"]
11:25:09.067  2897 [main] INFO  o.a.catalina.core.StandardService - Starting service [Tomcat]
11:25:09.067  2897 [main] INFO  o.a.catalina.core.StandardEngine - Starting Servlet engine: [Apache Tomcat/9.0.58]
11:25:09.222  3052 [main] INFO  o.a.c.c.C.[Tomcat].[localhost].[/] - Initializing Spring embedded WebApplicationContext
11:25:09.222  3052 [main] INFO  o.s.b.w.s.c.ServletWebServerApplicationContext - Root WebApplicationContext: initialization completed in 1806 ms
11:25:09.374  3204 [main] INFO  o.f.c.i.license.VersionPrinter - Flyway Community Edition 7.7.3 by Redgate
11:25:09.381  3211 [main] INFO  com.zaxxer.hikari.HikariDataSource - HikariPool-1 - Starting...
11:25:09.615  3445 [main] INFO  com.zaxxer.hikari.HikariDataSource - HikariPool-1 - Start completed.
11:25:09.643  3473 [main] INFO  o.f.c.i.database.base.DatabaseType - Database: jdbc:postgresql://localhost/tinder_db (PostgreSQL 13.6)
11:25:09.710  3540 [main] WARN  o.s.b.w.s.c.AnnotationConfigServletWebServerApplicationContext - Exception encountered during context initialization - cancelling refresh attempt: org.springframework.beans.factory.BeanCreationException: Error creating bean with name 'flywayInitializer' defined in class path resource [org/springframework/boot/autoconfigure/flyway/FlywayAutoConfiguration$FlywayConfiguration.class]: Invocation of init method failed; nested exception is org.flywaydb.core.api.exception.FlywayValidateException: Validate failed: Migrations have failed validation
Migration checksum mismatch for migration version 5
-> Applied to database : 271582815
-> Resolved locally    : 955528862. Either revert the changes to the migration, or run repair to update the schema history.
11:25:09.711  3541 [main] INFO  com.zaxxer.hikari.HikariDataSource - HikariPool-1 - Shutdown initiated...
11:25:09.713  3543 [main] INFO  com.zaxxer.hikari.HikariDataSource - HikariPool-1 - Shutdown completed.
11:25:09.717  3547 [main] INFO  o.a.catalina.core.StandardService - Stopping service [Tomcat]
11:25:09.732  3562 [main] INFO  o.s.b.a.l.ConditionEvaluationReportLoggingListener - 

Error starting ApplicationContext. To display the conditions report re-run your application with 'debug' enabled.
11:25:09.759  3589 [main] ERROR o.s.boot.SpringApplication - Application run failed
org.springframework.beans.factory.BeanCreationException: Error creating bean with name 'flywayInitializer' defined in class path resource [org/springframework/boot/autoconfigure/flyway/FlywayAutoConfiguration$FlywayConfiguration.class]: Invocation of init method failed; nested exception is org.flywaydb.core.api.exception.FlywayValidateException: Validate failed: Migrations have failed validation
Migration checksum mismatch for migration version 5
-> Applied to database : 271582815
-> Resolved locally    : 955528862. Either revert the changes to the migration, or run repair to update the schema history.
	at org.springframework.beans.factory.support.AbstractAutowireCapableBeanFactory.initializeBean(AbstractAutowireCapableBeanFactory.java:1804)
	at org.springframework.beans.factory.support.AbstractAutowireCapableBeanFactory.doCreateBean(AbstractAutowireCapableBeanFactory.java:620)
	at org.springframework.beans.factory.support.AbstractAutowireCapableBeanFactory.createBean(AbstractAutowireCapableBeanFactory.java:542)
	at org.springframework.beans.factory.support.AbstractBeanFactory.lambda$doGetBean$0(AbstractBeanFactory.java:335)
	at org.springframework.beans.factory.support.DefaultSingletonBeanRegistry.getSingleton(DefaultSingletonBeanRegistry.java:234)
	at org.springframework.beans.factory.support.AbstractBeanFactory.doGetBean(AbstractBeanFactory.java:333)
	at org.springframework.beans.factory.support.AbstractBeanFactory.getBean(AbstractBeanFactory.java:208)
	at org.springframework.beans.factory.support.AbstractBeanFactory.doGetBean(AbstractBeanFactory.java:322)
	at org.springframework.beans.factory.support.AbstractBeanFactory.getBean(AbstractBeanFactory.java:208)
	at org.springframework.context.support.AbstractApplicationContext.getBean(AbstractApplicationContext.java:1154)
	at org.springframework.context.support.AbstractApplicationContext.finishBeanFactoryInitialization(AbstractApplicationContext.java:908)
	at org.springframework.context.support.AbstractApplicationContext.refresh(AbstractApplicationContext.java:583)
	at org.springframework.boot.web.servlet.context.ServletWebServerApplicationContext.refresh(ServletWebServerApplicationContext.java:145)
	at org.springframework.boot.SpringApplication.refresh(SpringApplication.java:775)
	at org.springframework.boot.SpringApplication.refreshContext(SpringApplication.java:448)
	at org.springframework.boot.SpringApplication.run(SpringApplication.java:339)
	at org.springframework.boot.SpringApplication.run(SpringApplication.java:1365)
	at org.springframework.boot.SpringApplication.run(SpringApplication.java:1354)
	at ru.bis.server.Main.main(Main.java:9)
Caused by: org.flywaydb.core.api.exception.FlywayValidateException: Validate failed: Migrations have failed validation
Migration checksum mismatch for migration version 5
-> Applied to database : 271582815
-> Resolved locally    : 955528862. Either revert the changes to the migration, or run repair to update the schema history.
	at org.flywaydb.core.Flyway$1.execute(Flyway.java:173)
	at org.flywaydb.core.Flyway$1.execute(Flyway.java:165)
	at org.flywaydb.core.Flyway.execute(Flyway.java:572)
	at org.flywaydb.core.Flyway.migrate(Flyway.java:165)
	at org.springframework.boot.autoconfigure.flyway.FlywayMigrationInitializer.afterPropertiesSet(FlywayMigrationInitializer.java:66)
	at org.springframework.beans.factory.support.AbstractAutowireCapableBeanFactory.invokeInitMethods(AbstractAutowireCapableBeanFactory.java:1863)
	at org.springframework.beans.factory.support.AbstractAutowireCapableBeanFactory.initializeBean(AbstractAutowireCapableBeanFactory.java:1800)
	... 18 common frames omitted
11:25:41.054  1172 [main] INFO  ru.bis.server.Main - Starting Main using Java 17.0.2 on DESKTOP-1RF1BD1 with PID 148 (C:\Users\My PC\IdeaProjects\prerevolutionary-tinder\server\target\classes started by My PC in C:\Users\My PC\IdeaProjects\prerevolutionary-tinder)
11:25:41.059  1177 [main] INFO  ru.bis.server.Main - No active profile set, falling back to 1 default profile: "default"
11:25:41.898  2016 [main] INFO  o.s.d.r.c.RepositoryConfigurationDelegate - Bootstrapping Spring Data JPA repositories in DEFAULT mode.
11:25:41.972  2090 [main] INFO  o.s.d.r.c.RepositoryConfigurationDelegate - Finished Spring Data repository scanning in 62 ms. Found 1 JPA repository interfaces.
11:25:42.707  2825 [main] INFO  o.s.b.w.e.tomcat.TomcatWebServer - Tomcat initialized with port(s): 8080 (http)
11:25:42.717  2835 [main] INFO  o.a.coyote.http11.Http11NioProtocol - Initializing ProtocolHandler ["http-nio-8080"]
11:25:42.718  2836 [main] INFO  o.a.catalina.core.StandardService - Starting service [Tomcat]
11:25:42.718  2836 [main] INFO  o.a.catalina.core.StandardEngine - Starting Servlet engine: [Apache Tomcat/9.0.58]
11:25:42.887  3005 [main] INFO  o.a.c.c.C.[Tomcat].[localhost].[/] - Initializing Spring embedded WebApplicationContext
11:25:42.887  3005 [main] INFO  o.s.b.w.s.c.ServletWebServerApplicationContext - Root WebApplicationContext: initialization completed in 1747 ms
11:25:43.040  3158 [main] INFO  o.f.c.i.license.VersionPrinter - Flyway Community Edition 7.7.3 by Redgate
11:25:43.048  3166 [main] INFO  com.zaxxer.hikari.HikariDataSource - HikariPool-1 - Starting...
11:25:43.277  3395 [main] INFO  com.zaxxer.hikari.HikariDataSource - HikariPool-1 - Start completed.
11:25:43.304  3422 [main] INFO  o.f.c.i.database.base.DatabaseType - Database: jdbc:postgresql://localhost/tinder_db (PostgreSQL 13.6)
11:25:43.361  3479 [main] INFO  o.f.c.internal.command.DbValidate - Successfully validated 5 migrations (execution time 00:00.035s)
11:25:43.369  3487 [main] INFO  o.f.core.internal.command.DbMigrate - Current version of schema "public": 5
11:25:43.370  3488 [main] INFO  o.f.core.internal.command.DbMigrate - Schema "public" is up to date. No migration necessary.
11:25:43.507  3625 [main] INFO  o.h.jpa.internal.util.LogHelper - HHH000204: Processing PersistenceUnitInfo [name: default]
11:25:43.571  3689 [main] INFO  org.hibernate.Version - HHH000412: Hibernate ORM core version 5.4.33
11:25:43.741  3859 [main] INFO  o.h.annotations.common.Version - HCANN000001: Hibernate Commons Annotations {5.1.2.Final}
11:25:43.902  4020 [main] INFO  org.hibernate.dialect.Dialect - HHH000400: Using dialect: org.hibernate.dialect.PostgreSQL10Dialect
11:25:44.746  4864 [main] INFO  o.h.e.t.j.p.i.JtaPlatformInitiator - HHH000490: Using JtaPlatform implementation: [org.hibernate.engine.transaction.jta.platform.internal.NoJtaPlatform]
11:25:44.759  4877 [main] INFO  o.s.o.j.LocalContainerEntityManagerFactoryBean - Initialized JPA EntityManagerFactory for persistence unit 'default'
11:25:45.272  5390 [main] WARN  o.s.b.a.o.j.JpaBaseConfiguration$JpaWebConfiguration - spring.jpa.open-in-view is enabled by default. Therefore, database queries may be performed during view rendering. Explicitly configure spring.jpa.open-in-view to disable this warning
11:25:45.664  5782 [main] INFO  o.a.coyote.http11.Http11NioProtocol - Starting ProtocolHandler ["http-nio-8080"]
11:25:45.697  5815 [main] INFO  o.s.b.w.e.tomcat.TomcatWebServer - Tomcat started on port(s): 8080 (http) with context path ''
11:25:45.711  5829 [main] INFO  ru.bis.server.Main - Started Main in 5.172 seconds (JVM running for 6.779)
